#
# There is insufficient memory for the Java Runtime Environment to continue.
# Native memory allocation (mmap) failed to map 74448896 bytes for G1 virtual space
# Possible reasons:
#   The system is out of physical RAM or swap space
#   The process is running with CompressedOops enabled, and the Java Heap may be blocking the growth of the native heap
# Possible solutions:
#   Reduce memory load on the system
#   Increase physical memory or swap space
#   Check if swap backing store is full
#   Decrease Java heap size (-Xmx/-Xms)
#   Decrease number of Java threads
#   Decrease Java thread stack sizes (-Xss)
#   Set larger code cache with -XX:ReservedCodeCacheSize=
#   JVM is running with Unscaled Compressed Oops mode in which the Java heap is
#     placed in the first 4GB address space. The Java Heap base address is the
#     maximum limit for the native heap growth. Please use -XX:HeapBaseMinAddress
#     to set the Java Heap base and to place the Java Heap above 4GB virtual address.
# This output file may be truncated or incomplete.
#
#  Out of Memory Error (os_windows.cpp:3550), pid=14924, tid=23440
#
# JRE version: Java(TM) SE Runtime Environment (17.0.6+9) (build 17.0.6+9-LTS-190)
# Java VM: Java HotSpot(TM) 64-Bit Server VM (17.0.6+9-LTS-190, mixed mode, sharing, tiered, compressed oops, compressed class ptrs, g1 gc, windows-amd64)
# No core dump will be written. Minidumps are not enabled by default on client versions of Windows
#

---------------  S U M M A R Y ------------

Command Line: -ea -Dfile.encoding=UTF-8 -XX:+ShowCodeDetailsInExceptionMessages org.eclipse.jdt.internal.junit.runner.RemoteTestRunner -version 3 -port 61890 -testLoaderClass org.eclipse.jdt.internal.junit5.runner.JUnit5TestLoader -loaderpluginname org.eclipse.jdt.junit5.runtime -classNames unittests.renderer.myFlower

Host: Intel(R) Core(TM) i3-7130U CPU @ 2.70GHz, 4 cores, 3G,  Windows 10 , 64 bit Build 19041 (10.0.19041.2913)
Time: Tue Jun 13 11:43:58 2023  Windows 10 , 64 bit Build 19041 (10.0.19041.2913) elapsed time: 14.091965 seconds (0d 0h 0m 14s)

---------------  T H R E A D  ---------------

Current thread (0x00000271e4f80ce0):  VMThread "VM Thread" [stack: 0x000000cad9c00000,0x000000cad9d00000] [id=23440]

Stack: [0x000000cad9c00000,0x000000cad9d00000]
Native frames: (J=compiled Java code, j=interpreted, Vv=VM code, C=native code)
V  [jvm.dll+0x6734ea]
V  [jvm.dll+0x7d18f4]
V  [jvm.dll+0x7d309e]
V  [jvm.dll+0x7d3703]
V  [jvm.dll+0x2433c5]
V  [jvm.dll+0x6703f9]
V  [jvm.dll+0x664d32]
V  [jvm.dll+0x300086]
V  [jvm.dll+0x307606]
V  [jvm.dll+0x356c1e]
V  [jvm.dll+0x356e4f]
V  [jvm.dll+0x2d72e8]
V  [jvm.dll+0x2d57e5]
V  [jvm.dll+0x2d4dec]
V  [jvm.dll+0x31837b]
V  [jvm.dll+0x7d7f0b]
V  [jvm.dll+0x7d8c44]
V  [jvm.dll+0x7d915d]
V  [jvm.dll+0x7d9534]
V  [jvm.dll+0x7d9600]
V  [jvm.dll+0x781a7a]
V  [jvm.dll+0x672375]
C  [ucrtbase.dll+0x21bb2]
C  [KERNEL32.DLL+0x17614]
C  [ntdll.dll+0x526a1]

VM_Operation (0x000000cad96fbe80): G1CollectForAllocation, mode: safepoint, requested by thread 0x00000271c9d74910


---------------  P R O C E S S  ---------------

Threads class SMR info:
_java_thread_list=0x00000271e5f21930, length=13, elements={
0x00000271c9d74910, 0x00000271e4f871c0, 0x00000271e4f89990, 0x00000271e4fa16b0,
0x00000271e4fa2060, 0x00000271e4fa3a20, 0x00000271e4fa78d0, 0x00000271e4fd0680,
0x00000271e4ff34e0, 0x00000271e5029aa0, 0x00000271e5cb2d90, 0x00000271e5cbd6e0,
0x00000271e5d1ac50
}

Java Threads: ( => current thread )
  0x00000271c9d74910 JavaThread "main" [_thread_blocked, id=21468, stack(0x000000cad9600000,0x000000cad9700000)]
  0x00000271e4f871c0 JavaThread "Reference Handler" daemon [_thread_blocked, id=3700, stack(0x000000cad9d00000,0x000000cad9e00000)]
  0x00000271e4f89990 JavaThread "Finalizer" daemon [_thread_blocked, id=21016, stack(0x000000cad9e00000,0x000000cad9f00000)]
  0x00000271e4fa16b0 JavaThread "Signal Dispatcher" daemon [_thread_blocked, id=9168, stack(0x000000cad9f00000,0x000000cada000000)]
  0x00000271e4fa2060 JavaThread "Attach Listener" daemon [_thread_blocked, id=21160, stack(0x000000cada000000,0x000000cada100000)]
  0x00000271e4fa3a20 JavaThread "Service Thread" daemon [_thread_blocked, id=14388, stack(0x000000cada100000,0x000000cada200000)]
  0x00000271e4fa78d0 JavaThread "Monitor Deflation Thread" daemon [_thread_blocked, id=6880, stack(0x000000cada200000,0x000000cada300000)]
  0x00000271e4fd0680 JavaThread "C2 CompilerThread0" daemon [_thread_blocked, id=19408, stack(0x000000cada300000,0x000000cada400000)]
  0x00000271e4ff34e0 JavaThread "C1 CompilerThread0" daemon [_thread_blocked, id=2444, stack(0x000000cada400000,0x000000cada500000)]
  0x00000271e5029aa0 JavaThread "Sweeper thread" daemon [_thread_blocked, id=15388, stack(0x000000cada500000,0x000000cada600000)]
  0x00000271e5cb2d90 JavaThread "Notification Thread" daemon [_thread_blocked, id=11364, stack(0x000000cada600000,0x000000cada700000)]
  0x00000271e5cbd6e0 JavaThread "Common-Cleaner" daemon [_thread_blocked, id=19596, stack(0x000000cada800000,0x000000cada900000)]
  0x00000271e5d1ac50 JavaThread "ReaderThread" [_thread_in_native, id=16484, stack(0x000000cada900000,0x000000cadaa00000)]

Other Threads:
=>0x00000271e4f80ce0 VMThread "VM Thread" [stack: 0x000000cad9c00000,0x000000cad9d00000] [id=23440]
  0x00000271e5cb7280 WatcherThread [stack: 0x000000cada700000,0x000000cada800000] [id=21876]
  0x00000271c9db0ed0 GCTaskThread "GC Thread#0" [stack: 0x000000cad9700000,0x000000cad9800000] [id=8012]
  0x00000271e6357250 GCTaskThread "GC Thread#1" [stack: 0x000000cadaa00000,0x000000cadab00000] [id=20880]
  0x00000271e63492b0 GCTaskThread "GC Thread#2" [stack: 0x000000cadab00000,0x000000cadac00000] [id=23224]
  0x00000271e6349560 GCTaskThread "GC Thread#3" [stack: 0x000000cadac00000,0x000000cadad00000] [id=4668]
  0x00000271c9dbb2d0 ConcurrentGCThread "G1 Main Marker" [stack: 0x000000cad9800000,0x000000cad9900000] [id=6824]
  0x00000271c9dbbce0 ConcurrentGCThread "G1 Conc#0" [stack: 0x000000cad9900000,0x000000cad9a00000] [id=20796]
  0x00000271c9e3e170 ConcurrentGCThread "G1 Refine#0" [stack: 0x000000cad9a00000,0x000000cad9b00000] [id=20952]
  0x00000271e5dabe30 ConcurrentGCThread "G1 Refine#1" [stack: 0x000000cadad00000,0x000000cadae00000] [id=8360]
  0x00000271c9e3eb90 ConcurrentGCThread "G1 Service" [stack: 0x000000cad9b00000,0x000000cad9c00000] [id=19544]

Threads with active compile tasks:
C2 CompilerThread0    14292 1515       4       renderer.RayTracerBasic::calcGlobalEffect (98 bytes)

VM state: at safepoint (normal execution)

VM Mutex/Monitor currently owned by a thread:  ([mutex/lock_event])
[0x00000271c9d71120] Threads_lock - owner thread: 0x00000271e4f80ce0
[0x00000271c9d70ee0] Heap_lock - owner thread: 0x00000271c9d74910

Heap address: 0x00000000c1e00000, size: 994 MB, Compressed Oops mode: 32-bit

CDS archive(s) mapped at: [0x0000000800000000-0x0000000800bd0000-0x0000000800bd0000), size 12386304, SharedBaseAddress: 0x0000000800000000, ArchiveRelocationMode: 0.
Compressed class space mapped at: 0x0000000800c00000-0x0000000840c00000, reserved size: 1073741824
Narrow klass base: 0x0000000800000000, Narrow klass shift: 0, Narrow klass range: 0x100000000

GC Precious Log:
 CPUs: 4 total, 4 available
 Memory: 3970M
 Large Page Support: Disabled
 NUMA Support: Disabled
 Compressed Oops: Enabled (32-bit)
 Heap Region Size: 1M
 Heap Min Capacity: 8M
 Heap Initial Capacity: 64M
 Heap Max Capacity: 994M
 Pre-touch: Disabled
 Parallel Workers: 4
 Concurrent Workers: 1
 Concurrent Refinement Workers: 4
 Periodic GC: Disabled

Heap:
 garbage-first heap   total 363520K, used 5785K [0x00000000c1e00000, 0x0000000100000000)
  region size 1024K, 1 young (1024K), 1 survivors (1024K)
 Metaspace       used 7211K, committed 7360K, reserved 1056768K
  class space    used 872K, committed 960K, reserved 1048576K

Heap Regions: E=young(eden), S=young(survivor), O=old, HS=humongous(starts), HC=humongous(continues), CS=collection set, F=free, OA=open archive, CA=closed archive, TAMS=top-at-mark-start (previous, next)
|   0|0x00000000c1e00000, 0x00000000c1f00000, 0x00000000c1f00000|100%| O|  |TAMS 0x00000000c1e00000, 0x00000000c1e00000| Untracked 
|   1|0x00000000c1f00000, 0x00000000c2000000, 0x00000000c2000000|100%| O|  |TAMS 0x00000000c1f00000, 0x00000000c1f00000| Untracked 
|   2|0x00000000c2000000, 0x00000000c2100000, 0x00000000c2100000|100%|HS|  |TAMS 0x00000000c2000000, 0x00000000c2000000| Complete 
|   3|0x00000000c2100000, 0x00000000c2200000, 0x00000000c2200000|100%|HC|  |TAMS 0x00000000c2100000, 0x00000000c2100000| Complete 
|   4|0x00000000c2200000, 0x00000000c2300000, 0x00000000c2300000|100%| O|  |TAMS 0x00000000c2200000, 0x00000000c2200000| Untracked 
|   5|0x00000000c2300000, 0x00000000c23a4400, 0x00000000c2400000| 64%| O|  |TAMS 0x00000000c2300000, 0x00000000c2300000| Untracked 
|   6|0x00000000c2400000, 0x00000000c2400000, 0x00000000c2500000|  0%| F|  |TAMS 0x00000000c2400000, 0x00000000c2400000| Untracked 
|   7|0x00000000c2500000, 0x00000000c2500000, 0x00000000c2600000|  0%| F|  |TAMS 0x00000000c2500000, 0x00000000c2500000| Untracked 
|   8|0x00000000c2600000, 0x00000000c2600000, 0x00000000c2700000|  0%| F|  |TAMS 0x00000000c2600000, 0x00000000c2600000| Untracked 
|   9|0x00000000c2700000, 0x00000000c2700000, 0x00000000c2800000|  0%| F|  |TAMS 0x00000000c2700000, 0x00000000c2700000| Untracked 
|  10|0x00000000c2800000, 0x00000000c2800000, 0x00000000c2900000|  0%| F|  |TAMS 0x00000000c2800000, 0x00000000c2800000| Untracked 
|  11|0x00000000c2900000, 0x00000000c2900000, 0x00000000c2a00000|  0%| F|  |TAMS 0x00000000c2900000, 0x00000000c2900000| Untracked 
|  12|0x00000000c2a00000, 0x00000000c2a00000, 0x00000000c2b00000|  0%| F|  |TAMS 0x00000000c2a00000, 0x00000000c2a00000| Untracked 
|  13|0x00000000c2b00000, 0x00000000c2b00000, 0x00000000c2c00000|  0%| F|  |TAMS 0x00000000c2b00000, 0x00000000c2b00000| Untracked 
|  14|0x00000000c2c00000, 0x00000000c2c00000, 0x00000000c2d00000|  0%| F|  |TAMS 0x00000000c2c00000, 0x00000000c2c00000| Untracked 
|  15|0x00000000c2d00000, 0x00000000c2d00000, 0x00000000c2e00000|  0%| F|  |TAMS 0x00000000c2d00000, 0x00000000c2d00000| Untracked 
|  16|0x00000000c2e00000, 0x00000000c2e00000, 0x00000000c2f00000|  0%| F|  |TAMS 0x00000000c2e00000, 0x00000000c2e00000| Untracked 
|  17|0x00000000c2f00000, 0x00000000c2f00000, 0x00000000c3000000|  0%| F|  |TAMS 0x00000000c2f00000, 0x00000000c2f00000| Untracked 
|  18|0x00000000c3000000, 0x00000000c3000000, 0x00000000c3100000|  0%| F|  |TAMS 0x00000000c3000000, 0x00000000c3000000| Untracked 
|  19|0x00000000c3100000, 0x00000000c3100000, 0x00000000c3200000|  0%| F|  |TAMS 0x00000000c3100000, 0x00000000c3100000| Untracked 
|  20|0x00000000c3200000, 0x00000000c3200000, 0x00000000c3300000|  0%| F|  |TAMS 0x00000000c3200000, 0x00000000c3200000| Untracked 
|  21|0x00000000c3300000, 0x00000000c3300000, 0x00000000c3400000|  0%| F|  |TAMS 0x00000000c3300000, 0x00000000c3300000| Untracked 
|  22|0x00000000c3400000, 0x00000000c3400000, 0x00000000c3500000|  0%| F|  |TAMS 0x00000000c3400000, 0x00000000c3400000| Untracked 
|  23|0x00000000c3500000, 0x00000000c3500000, 0x00000000c3600000|  0%| F|  |TAMS 0x00000000c3500000, 0x00000000c3500000| Untracked 
|  24|0x00000000c3600000, 0x00000000c3600000, 0x00000000c3700000|  0%| F|  |TAMS 0x00000000c3600000, 0x00000000c3600000| Untracked 
|  25|0x00000000c3700000, 0x00000000c3700000, 0x00000000c3800000|  0%| F|  |TAMS 0x00000000c3700000, 0x00000000c3700000| Untracked 
|  26|0x00000000c3800000, 0x00000000c3800000, 0x00000000c3900000|  0%| F|  |TAMS 0x00000000c3800000, 0x00000000c3800000| Untracked 
|  27|0x00000000c3900000, 0x00000000c3900000, 0x00000000c3a00000|  0%| F|  |TAMS 0x00000000c3900000, 0x00000000c3900000| Untracked 
|  28|0x00000000c3a00000, 0x00000000c3a00000, 0x00000000c3b00000|  0%| F|  |TAMS 0x00000000c3a00000, 0x00000000c3a00000| Untracked 
|  29|0x00000000c3b00000, 0x00000000c3b00000, 0x00000000c3c00000|  0%| F|  |TAMS 0x00000000c3b00000, 0x00000000c3b00000| Untracked 
|  30|0x00000000c3c00000, 0x00000000c3c00000, 0x00000000c3d00000|  0%| F|  |TAMS 0x00000000c3c00000, 0x00000000c3c00000| Untracked 
|  31|0x00000000c3d00000, 0x00000000c3d00000, 0x00000000c3e00000|  0%| F|  |TAMS 0x00000000c3d00000, 0x00000000c3d00000| Untracked 
|  32|0x00000000c3e00000, 0x00000000c3e00000, 0x00000000c3f00000|  0%| F|  |TAMS 0x00000000c3e00000, 0x00000000c3e00000| Untracked 
|  33|0x00000000c3f00000, 0x00000000c3f00000, 0x00000000c4000000|  0%| F|  |TAMS 0x00000000c3f00000, 0x00000000c3f00000| Untracked 
|  34|0x00000000c4000000, 0x00000000c4000000, 0x00000000c4100000|  0%| F|  |TAMS 0x00000000c4000000, 0x00000000c4000000| Untracked 
|  35|0x00000000c4100000, 0x00000000c4100000, 0x00000000c4200000|  0%| F|  |TAMS 0x00000000c4100000, 0x00000000c4100000| Untracked 
|  36|0x00000000c4200000, 0x00000000c4200000, 0x00000000c4300000|  0%| F|  |TAMS 0x00000000c4200000, 0x00000000c4200000| Untracked 
|  37|0x00000000c4300000, 0x00000000c4300000, 0x00000000c4400000|  0%| F|  |TAMS 0x00000000c4300000, 0x00000000c4300000| Untracked 
|  38|0x00000000c4400000, 0x00000000c4400000, 0x00000000c4500000|  0%| F|  |TAMS 0x00000000c4400000, 0x00000000c4400000| Untracked 
|  39|0x00000000c4500000, 0x00000000c4500000, 0x00000000c4600000|  0%| F|  |TAMS 0x00000000c4500000, 0x00000000c4500000| Untracked 
|  40|0x00000000c4600000, 0x00000000c4600000, 0x00000000c4700000|  0%| F|  |TAMS 0x00000000c4600000, 0x00000000c4600000| Untracked 
|  41|0x00000000c4700000, 0x00000000c4700000, 0x00000000c4800000|  0%| F|  |TAMS 0x00000000c4700000, 0x00000000c4700000| Untracked 
|  42|0x00000000c4800000, 0x00000000c4800000, 0x00000000c4900000|  0%| F|  |TAMS 0x00000000c4800000, 0x00000000c4800000| Untracked 
|  43|0x00000000c4900000, 0x00000000c4900000, 0x00000000c4a00000|  0%| F|  |TAMS 0x00000000c4900000, 0x00000000c4900000| Untracked 
|  44|0x00000000c4a00000, 0x00000000c4a00000, 0x00000000c4b00000|  0%| F|  |TAMS 0x00000000c4a00000, 0x00000000c4a00000| Untracked 
|  45|0x00000000c4b00000, 0x00000000c4b00000, 0x00000000c4c00000|  0%| F|  |TAMS 0x00000000c4b00000, 0x00000000c4b00000| Untracked 
|  46|0x00000000c4c00000, 0x00000000c4c00000, 0x00000000c4d00000|  0%| F|  |TAMS 0x00000000c4c00000, 0x00000000c4c00000| Untracked 
|  47|0x00000000c4d00000, 0x00000000c4d00000, 0x00000000c4e00000|  0%| F|  |TAMS 0x00000000c4d00000, 0x00000000c4d00000| Untracked 
|  48|0x00000000c4e00000, 0x00000000c4e00000, 0x00000000c4f00000|  0%| F|  |TAMS 0x00000000c4e00000, 0x00000000c4e00000| Untracked 
|  49|0x00000000c4f00000, 0x00000000c4f00000, 0x00000000c5000000|  0%| F|  |TAMS 0x00000000c4f00000, 0x00000000c4f00000| Untracked 
|  50|0x00000000c5000000, 0x00000000c5000000, 0x00000000c5100000|  0%| F|  |TAMS 0x00000000c5000000, 0x00000000c5000000| Untracked 
|  51|0x00000000c5100000, 0x00000000c5100000, 0x00000000c5200000|  0%| F|  |TAMS 0x00000000c5100000, 0x00000000c5100000| Untracked 
|  52|0x00000000c5200000, 0x00000000c5200000, 0x00000000c5300000|  0%| F|  |TAMS 0x00000000c5200000, 0x00000000c5200000| Untracked 
|  53|0x00000000c5300000, 0x00000000c5300000, 0x00000000c5400000|  0%| F|  |TAMS 0x00000000c5300000, 0x00000000c5300000| Untracked 
|  54|0x00000000c5400000, 0x00000000c5400000, 0x00000000c5500000|  0%| F|  |TAMS 0x00000000c5400000, 0x00000000c5400000| Untracked 
|  55|0x00000000c5500000, 0x00000000c5500000, 0x00000000c5600000|  0%| F|  |TAMS 0x00000000c5500000, 0x00000000c5500000| Untracked 
|  56|0x00000000c5600000, 0x00000000c5600000, 0x00000000c5700000|  0%| F|  |TAMS 0x00000000c5600000, 0x00000000c5600000| Untracked 
|  57|0x00000000c5700000, 0x00000000c5700000, 0x00000000c5800000|  0%| F|  |TAMS 0x00000000c5700000, 0x00000000c5700000| Untracked 
|  58|0x00000000c5800000, 0x00000000c5800000, 0x00000000c5900000|  0%| F|  |TAMS 0x00000000c5800000, 0x00000000c5800000| Untracked 
|  59|0x00000000c5900000, 0x00000000c5900000, 0x00000000c5a00000|  0%| F|  |TAMS 0x00000000c5900000, 0x00000000c5900000| Untracked 
|  60|0x00000000c5a00000, 0x00000000c5a00000, 0x00000000c5b00000|  0%| F|  |TAMS 0x00000000c5a00000, 0x00000000c5a00000| Untracked 
|  61|0x00000000c5b00000, 0x00000000c5b00000, 0x00000000c5c00000|  0%| F|  |TAMS 0x00000000c5b00000, 0x00000000c5b00000| Untracked 
|  62|0x00000000c5c00000, 0x00000000c5c00000, 0x00000000c5d00000|  0%| F|  |TAMS 0x00000000c5c00000, 0x00000000c5c00000| Untracked 
|  63|0x00000000c5d00000, 0x00000000c5d00000, 0x00000000c5e00000|  0%| F|  |TAMS 0x00000000c5d00000, 0x00000000c5d00000| Untracked 
|  64|0x00000000c5e00000, 0x00000000c5e00000, 0x00000000c5f00000|  0%| F|  |TAMS 0x00000000c5e00000, 0x00000000c5e00000| Untracked 
|  65|0x00000000c5f00000, 0x00000000c5f00000, 0x00000000c6000000|  0%| F|  |TAMS 0x00000000c5f00000, 0x00000000c5f00000| Untracked 
|  66|0x00000000c6000000, 0x00000000c6000000, 0x00000000c6100000|  0%| F|  |TAMS 0x00000000c6000000, 0x00000000c6000000| Untracked 
|  67|0x00000000c6100000, 0x00000000c6100000, 0x00000000c6200000|  0%| F|  |TAMS 0x00000000c6100000, 0x00000000c6100000| Untracked 
|  68|0x00000000c6200000, 0x00000000c6200000, 0x00000000c6300000|  0%| F|  |TAMS 0x00000000c6200000, 0x00000000c6200000| Untracked 
|  69|0x00000000c6300000, 0x00000000c6300000, 0x00000000c6400000|  0%| F|  |TAMS 0x00000000c6300000, 0x00000000c6300000| Untracked 
|  70|0x00000000c6400000, 0x00000000c6400000, 0x00000000c6500000|  0%| F|  |TAMS 0x00000000c6400000, 0x00000000c6400000| Untracked 
|  71|0x00000000c6500000, 0x00000000c6500000, 0x00000000c6600000|  0%| F|  |TAMS 0x00000000c6500000, 0x00000000c6500000| Untracked 
|  72|0x00000000c6600000, 0x00000000c6600000, 0x00000000c6700000|  0%| F|  |TAMS 0x00000000c6600000, 0x00000000c6600000| Untracked 
|  73|0x00000000c6700000, 0x00000000c6700000, 0x00000000c6800000|  0%| F|  |TAMS 0x00000000c6700000, 0x00000000c6700000| Untracked 
|  74|0x00000000c6800000, 0x00000000c6800000, 0x00000000c6900000|  0%| F|  |TAMS 0x00000000c6800000, 0x00000000c6800000| Untracked 
|  75|0x00000000c6900000, 0x00000000c6900000, 0x00000000c6a00000|  0%| F|  |TAMS 0x00000000c6900000, 0x00000000c6900000| Untracked 
|  76|0x00000000c6a00000, 0x00000000c6a00000, 0x00000000c6b00000|  0%| F|  |TAMS 0x00000000c6a00000, 0x00000000c6a00000| Untracked 
|  77|0x00000000c6b00000, 0x00000000c6b00000, 0x00000000c6c00000|  0%| F|  |TAMS 0x00000000c6b00000, 0x00000000c6b00000| Untracked 
|  78|0x00000000c6c00000, 0x00000000c6c00000, 0x00000000c6d00000|  0%| F|  |TAMS 0x00000000c6c00000, 0x00000000c6c00000| Untracked 
|  79|0x00000000c6d00000, 0x00000000c6d00000, 0x00000000c6e00000|  0%| F|  |TAMS 0x00000000c6d00000, 0x00000000c6d00000| Untracked 
|  80|0x00000000c6e00000, 0x00000000c6e00000, 0x00000000c6f00000|  0%| F|  |TAMS 0x00000000c6e00000, 0x00000000c6e00000| Untracked 
|  81|0x00000000c6f00000, 0x00000000c6f00000, 0x00000000c7000000|  0%| F|  |TAMS 0x00000000c6f00000, 0x00000000c6f00000| Untracked 
|  82|0x00000000c7000000, 0x00000000c7000000, 0x00000000c7100000|  0%| F|  |TAMS 0x00000000c7000000, 0x00000000c7000000| Untracked 
|  83|0x00000000c7100000, 0x00000000c7100000, 0x00000000c7200000|  0%| F|  |TAMS 0x00000000c7100000, 0x00000000c7100000| Untracked 
|  84|0x00000000c7200000, 0x00000000c7200000, 0x00000000c7300000|  0%| F|  |TAMS 0x00000000c7200000, 0x00000000c7200000| Untracked 
|  85|0x00000000c7300000, 0x00000000c7300000, 0x00000000c7400000|  0%| F|  |TAMS 0x00000000c7300000, 0x00000000c7300000| Untracked 
|  86|0x00000000c7400000, 0x00000000c7400000, 0x00000000c7500000|  0%| F|  |TAMS 0x00000000c7400000, 0x00000000c7400000| Untracked 
|  87|0x00000000c7500000, 0x00000000c7500000, 0x00000000c7600000|  0%| F|  |TAMS 0x00000000c7500000, 0x00000000c7500000| Untracked 
|  88|0x00000000c7600000, 0x00000000c7600000, 0x00000000c7700000|  0%| F|  |TAMS 0x00000000c7600000, 0x00000000c7600000| Untracked 
|  89|0x00000000c7700000, 0x00000000c7700000, 0x00000000c7800000|  0%| F|  |TAMS 0x00000000c7700000, 0x00000000c7700000| Untracked 
|  90|0x00000000c7800000, 0x00000000c7800000, 0x00000000c7900000|  0%| F|  |TAMS 0x00000000c7800000, 0x00000000c7800000| Untracked 
|  91|0x00000000c7900000, 0x00000000c7900000, 0x00000000c7a00000|  0%| F|  |TAMS 0x00000000c7900000, 0x00000000c7900000| Untracked 
|  92|0x00000000c7a00000, 0x00000000c7a00000, 0x00000000c7b00000|  0%| F|  |TAMS 0x00000000c7a00000, 0x00000000c7a00000| Untracked 
|  93|0x00000000c7b00000, 0x00000000c7b00000, 0x00000000c7c00000|  0%| F|  |TAMS 0x00000000c7b00000, 0x00000000c7b00000| Untracked 
|  94|0x00000000c7c00000, 0x00000000c7c00000, 0x00000000c7d00000|  0%| F|  |TAMS 0x00000000c7c00000, 0x00000000c7c00000| Untracked 
|  95|0x00000000c7d00000, 0x00000000c7d00000, 0x00000000c7e00000|  0%| F|  |TAMS 0x00000000c7d00000, 0x00000000c7d00000| Untracked 
|  96|0x00000000c7e00000, 0x00000000c7e00000, 0x00000000c7f00000|  0%| F|  |TAMS 0x00000000c7e00000, 0x00000000c7e00000| Untracked 
|  97|0x00000000c7f00000, 0x00000000c7f00000, 0x00000000c8000000|  0%| F|  |TAMS 0x00000000c7f00000, 0x00000000c7f00000| Untracked 
|  98|0x00000000c8000000, 0x00000000c8000000, 0x00000000c8100000|  0%| F|  |TAMS 0x00000000c8000000, 0x00000000c8000000| Untracked 
|  99|0x00000000c8100000, 0x00000000c8100000, 0x00000000c8200000|  0%| F|  |TAMS 0x00000000c8100000, 0x00000000c8100000| Untracked 
| 100|0x00000000c8200000, 0x00000000c8200000, 0x00000000c8300000|  0%| F|  |TAMS 0x00000000c8200000, 0x00000000c8200000| Untracked 
| 101|0x00000000c8300000, 0x00000000c8300000, 0x00000000c8400000|  0%| F|  |TAMS 0x00000000c8300000, 0x00000000c8300000| Untracked 
| 102|0x00000000c8400000, 0x00000000c8400000, 0x00000000c8500000|  0%| F|  |TAMS 0x00000000c8400000, 0x00000000c8400000| Untracked 
| 103|0x00000000c8500000, 0x00000000c8500000, 0x00000000c8600000|  0%| F|  |TAMS 0x00000000c8500000, 0x00000000c8500000| Untracked 
| 104|0x00000000c8600000, 0x00000000c8600000, 0x00000000c8700000|  0%| F|  |TAMS 0x00000000c8600000, 0x00000000c8600000| Untracked 
| 105|0x00000000c8700000, 0x00000000c8700000, 0x00000000c8800000|  0%| F|  |TAMS 0x00000000c8700000, 0x00000000c8700000| Untracked 
| 106|0x00000000c8800000, 0x00000000c8800000, 0x00000000c8900000|  0%| F|  |TAMS 0x00000000c8800000, 0x00000000c8800000| Untracked 
| 107|0x00000000c8900000, 0x00000000c8900000, 0x00000000c8a00000|  0%| F|  |TAMS 0x00000000c8900000, 0x00000000c8900000| Untracked 
| 108|0x00000000c8a00000, 0x00000000c8a00000, 0x00000000c8b00000|  0%| F|  |TAMS 0x00000000c8a00000, 0x00000000c8a00000| Untracked 
| 109|0x00000000c8b00000, 0x00000000c8b00000, 0x00000000c8c00000|  0%| F|  |TAMS 0x00000000c8b00000, 0x00000000c8b00000| Untracked 
| 110|0x00000000c8c00000, 0x00000000c8c00000, 0x00000000c8d00000|  0%| F|  |TAMS 0x00000000c8c00000, 0x00000000c8c00000| Untracked 
| 111|0x00000000c8d00000, 0x00000000c8d00000, 0x00000000c8e00000|  0%| F|  |TAMS 0x00000000c8d00000, 0x00000000c8d00000| Untracked 
| 112|0x00000000c8e00000, 0x00000000c8e00000, 0x00000000c8f00000|  0%| F|  |TAMS 0x00000000c8e00000, 0x00000000c8e00000| Untracked 
| 113|0x00000000c8f00000, 0x00000000c8f00000, 0x00000000c9000000|  0%| F|  |TAMS 0x00000000c8f00000, 0x00000000c8f00000| Untracked 
| 114|0x00000000c9000000, 0x00000000c9000000, 0x00000000c9100000|  0%| F|  |TAMS 0x00000000c9000000, 0x00000000c9000000| Untracked 
| 115|0x00000000c9100000, 0x00000000c9100000, 0x00000000c9200000|  0%| F|  |TAMS 0x00000000c9100000, 0x00000000c9100000| Untracked 
| 116|0x00000000c9200000, 0x00000000c9200000, 0x00000000c9300000|  0%| F|  |TAMS 0x00000000c9200000, 0x00000000c9200000| Untracked 
| 117|0x00000000c9300000, 0x00000000c9300000, 0x00000000c9400000|  0%| F|  |TAMS 0x00000000c9300000, 0x00000000c9300000| Untracked 
| 118|0x00000000c9400000, 0x00000000c9400000, 0x00000000c9500000|  0%| F|  |TAMS 0x00000000c9400000, 0x00000000c9400000| Untracked 
| 119|0x00000000c9500000, 0x00000000c9500000, 0x00000000c9600000|  0%| F|  |TAMS 0x00000000c9500000, 0x00000000c9500000| Untracked 
| 120|0x00000000c9600000, 0x00000000c9600000, 0x00000000c9700000|  0%| F|  |TAMS 0x00000000c9600000, 0x00000000c9600000| Untracked 
| 121|0x00000000c9700000, 0x00000000c9700000, 0x00000000c9800000|  0%| F|  |TAMS 0x00000000c9700000, 0x00000000c9700000| Untracked 
| 122|0x00000000c9800000, 0x00000000c9800000, 0x00000000c9900000|  0%| F|  |TAMS 0x00000000c9800000, 0x00000000c9800000| Untracked 
| 123|0x00000000c9900000, 0x00000000c9900000, 0x00000000c9a00000|  0%| F|  |TAMS 0x00000000c9900000, 0x00000000c9900000| Untracked 
| 124|0x00000000c9a00000, 0x00000000c9a00000, 0x00000000c9b00000|  0%| F|  |TAMS 0x00000000c9a00000, 0x00000000c9a00000| Untracked 
| 125|0x00000000c9b00000, 0x00000000c9b00000, 0x00000000c9c00000|  0%| F|  |TAMS 0x00000000c9b00000, 0x00000000c9b00000| Untracked 
| 126|0x00000000c9c00000, 0x00000000c9c00000, 0x00000000c9d00000|  0%| F|  |TAMS 0x00000000c9c00000, 0x00000000c9c00000| Untracked 
| 127|0x00000000c9d00000, 0x00000000c9d00000, 0x00000000c9e00000|  0%| F|  |TAMS 0x00000000c9d00000, 0x00000000c9d00000| Untracked 
| 128|0x00000000c9e00000, 0x00000000c9e00000, 0x00000000c9f00000|  0%| F|  |TAMS 0x00000000c9e00000, 0x00000000c9e00000| Untracked 
| 129|0x00000000c9f00000, 0x00000000c9f00000, 0x00000000ca000000|  0%| F|  |TAMS 0x00000000c9f00000, 0x00000000c9f00000| Untracked 
| 130|0x00000000ca000000, 0x00000000ca000000, 0x00000000ca100000|  0%| F|  |TAMS 0x00000000ca000000, 0x00000000ca000000| Untracked 
| 131|0x00000000ca100000, 0x00000000ca100000, 0x00000000ca200000|  0%| F|  |TAMS 0x00000000ca100000, 0x00000000ca100000| Untracked 
| 132|0x00000000ca200000, 0x00000000ca200000, 0x00000000ca300000|  0%| F|  |TAMS 0x00000000ca200000, 0x00000000ca200000| Untracked 
| 133|0x00000000ca300000, 0x00000000ca300000, 0x00000000ca400000|  0%| F|  |TAMS 0x00000000ca300000, 0x00000000ca300000| Untracked 
| 134|0x00000000ca400000, 0x00000000ca400000, 0x00000000ca500000|  0%| F|  |TAMS 0x00000000ca400000, 0x00000000ca400000| Untracked 
| 135|0x00000000ca500000, 0x00000000ca500000, 0x00000000ca600000|  0%| F|  |TAMS 0x00000000ca500000, 0x00000000ca500000| Untracked 
| 136|0x00000000ca600000, 0x00000000ca600000, 0x00000000ca700000|  0%| F|  |TAMS 0x00000000ca600000, 0x00000000ca600000| Untracked 
| 137|0x00000000ca700000, 0x00000000ca700000, 0x00000000ca800000|  0%| F|  |TAMS 0x00000000ca700000, 0x00000000ca700000| Untracked 
| 138|0x00000000ca800000, 0x00000000ca800000, 0x00000000ca900000|  0%| F|  |TAMS 0x00000000ca800000, 0x00000000ca800000| Untracked 
| 139|0x00000000ca900000, 0x00000000ca900000, 0x00000000caa00000|  0%| F|  |TAMS 0x00000000ca900000, 0x00000000ca900000| Untracked 
| 140|0x00000000caa00000, 0x00000000caa00000, 0x00000000cab00000|  0%| F|  |TAMS 0x00000000caa00000, 0x00000000caa00000| Untracked 
| 141|0x00000000cab00000, 0x00000000cab02040, 0x00000000cac00000|  0%| S|CS|TAMS 0x00000000cab00000, 0x00000000cab00000| Complete 
| 142|0x00000000cac00000, 0x00000000cac00000, 0x00000000cad00000|  0%| F|  |TAMS 0x00000000cac00000, 0x00000000cac00000| Untracked 
| 143|0x00000000cad00000, 0x00000000cad00000, 0x00000000cae00000|  0%| F|  |TAMS 0x00000000cad00000, 0x00000000cad00000| Untracked 
| 144|0x00000000cae00000, 0x00000000cae00000, 0x00000000caf00000|  0%| F|  |TAMS 0x00000000cae00000, 0x00000000cae00000| Untracked 
| 145|0x00000000caf00000, 0x00000000caf00000, 0x00000000cb000000|  0%| F|  |TAMS 0x00000000caf00000, 0x00000000caf00000| Untracked 
| 146|0x00000000cb000000, 0x00000000cb000000, 0x00000000cb100000|  0%| F|  |TAMS 0x00000000cb000000, 0x00000000cb000000| Untracked 
| 147|0x00000000cb100000, 0x00000000cb100000, 0x00000000cb200000|  0%| F|  |TAMS 0x00000000cb100000, 0x00000000cb100000| Untracked 
| 148|0x00000000cb200000, 0x00000000cb200000, 0x00000000cb300000|  0%| F|  |TAMS 0x00000000cb200000, 0x00000000cb200000| Untracked 
| 149|0x00000000cb300000, 0x00000000cb300000, 0x00000000cb400000|  0%| F|  |TAMS 0x00000000cb300000, 0x00000000cb300000| Untracked 
| 150|0x00000000cb400000, 0x00000000cb400000, 0x00000000cb500000|  0%| F|  |TAMS 0x00000000cb400000, 0x00000000cb400000| Untracked 
| 151|0x00000000cb500000, 0x00000000cb500000, 0x00000000cb600000|  0%| F|  |TAMS 0x00000000cb500000, 0x00000000cb500000| Untracked 
| 152|0x00000000cb600000, 0x00000000cb600000, 0x00000000cb700000|  0%| F|  |TAMS 0x00000000cb600000, 0x00000000cb600000| Untracked 
| 153|0x00000000cb700000, 0x00000000cb700000, 0x00000000cb800000|  0%| F|  |TAMS 0x00000000cb700000, 0x00000000cb700000| Untracked 
| 154|0x00000000cb800000, 0x00000000cb800000, 0x00000000cb900000|  0%| F|  |TAMS 0x00000000cb800000, 0x00000000cb800000| Untracked 
| 155|0x00000000cb900000, 0x00000000cb900000, 0x00000000cba00000|  0%| F|  |TAMS 0x00000000cb900000, 0x00000000cb900000| Untracked 
| 156|0x00000000cba00000, 0x00000000cba00000, 0x00000000cbb00000|  0%| F|  |TAMS 0x00000000cba00000, 0x00000000cba00000| Untracked 
| 157|0x00000000cbb00000, 0x00000000cbb00000, 0x00000000cbc00000|  0%| F|  |TAMS 0x00000000cbb00000, 0x00000000cbb00000| Untracked 
| 158|0x00000000cbc00000, 0x00000000cbc00000, 0x00000000cbd00000|  0%| F|  |TAMS 0x00000000cbc00000, 0x00000000cbc00000| Untracked 
| 159|0x00000000cbd00000, 0x00000000cbd00000, 0x00000000cbe00000|  0%| F|  |TAMS 0x00000000cbd00000, 0x00000000cbd00000| Untracked 
| 160|0x00000000cbe00000, 0x00000000cbe00000, 0x00000000cbf00000|  0%| F|  |TAMS 0x00000000cbe00000, 0x00000000cbe00000| Untracked 
| 161|0x00000000cbf00000, 0x00000000cbf00000, 0x00000000cc000000|  0%| F|  |TAMS 0x00000000cbf00000, 0x00000000cbf00000| Untracked 
| 162|0x00000000cc000000, 0x00000000cc000000, 0x00000000cc100000|  0%| F|  |TAMS 0x00000000cc000000, 0x00000000cc000000| Untracked 
| 163|0x00000000cc100000, 0x00000000cc100000, 0x00000000cc200000|  0%| F|  |TAMS 0x00000000cc100000, 0x00000000cc100000| Untracked 
| 164|0x00000000cc200000, 0x00000000cc200000, 0x00000000cc300000|  0%| F|  |TAMS 0x00000000cc200000, 0x00000000cc200000| Untracked 
| 165|0x00000000cc300000, 0x00000000cc300000, 0x00000000cc400000|  0%| F|  |TAMS 0x00000000cc300000, 0x00000000cc300000| Untracked 
| 166|0x00000000cc400000, 0x00000000cc400000, 0x00000000cc500000|  0%| F|  |TAMS 0x00000000cc400000, 0x00000000cc400000| Untracked 
| 167|0x00000000cc500000, 0x00000000cc500000, 0x00000000cc600000|  0%| F|  |TAMS 0x00000000cc500000, 0x00000000cc500000| Untracked 
| 168|0x00000000cc600000, 0x00000000cc600000, 0x00000000cc700000|  0%| F|  |TAMS 0x00000000cc600000, 0x00000000cc600000| Untracked 
| 169|0x00000000cc700000, 0x00000000cc700000, 0x00000000cc800000|  0%| F|  |TAMS 0x00000000cc700000, 0x00000000cc700000| Untracked 
| 170|0x00000000cc800000, 0x00000000cc800000, 0x00000000cc900000|  0%| F|  |TAMS 0x00000000cc800000, 0x00000000cc800000| Untracked 
| 171|0x00000000cc900000, 0x00000000cc900000, 0x00000000cca00000|  0%| F|  |TAMS 0x00000000cc900000, 0x00000000cc900000| Untracked 
| 172|0x00000000cca00000, 0x00000000cca00000, 0x00000000ccb00000|  0%| F|  |TAMS 0x00000000cca00000, 0x00000000cca00000| Untracked 
| 173|0x00000000ccb00000, 0x00000000ccb00000, 0x00000000ccc00000|  0%| F|  |TAMS 0x00000000ccb00000, 0x00000000ccb00000| Untracked 
| 174|0x00000000ccc00000, 0x00000000ccc00000, 0x00000000ccd00000|  0%| F|  |TAMS 0x00000000ccc00000, 0x00000000ccc00000| Untracked 
| 175|0x00000000ccd00000, 0x00000000ccd00000, 0x00000000cce00000|  0%| F|  |TAMS 0x00000000ccd00000, 0x00000000ccd00000| Untracked 
| 176|0x00000000cce00000, 0x00000000cce00000, 0x00000000ccf00000|  0%| F|  |TAMS 0x00000000cce00000, 0x00000000cce00000| Untracked 
| 177|0x00000000ccf00000, 0x00000000ccf00000, 0x00000000cd000000|  0%| F|  |TAMS 0x00000000ccf00000, 0x00000000ccf00000| Untracked 
| 178|0x00000000cd000000, 0x00000000cd000000, 0x00000000cd100000|  0%| F|  |TAMS 0x00000000cd000000, 0x00000000cd000000| Untracked 
| 179|0x00000000cd100000, 0x00000000cd100000, 0x00000000cd200000|  0%| F|  |TAMS 0x00000000cd100000, 0x00000000cd100000| Untracked 
| 180|0x00000000cd200000, 0x00000000cd200000, 0x00000000cd300000|  0%| F|  |TAMS 0x00000000cd200000, 0x00000000cd200000| Untracked 
| 181|0x00000000cd300000, 0x00000000cd300000, 0x00000000cd400000|  0%| F|  |TAMS 0x00000000cd300000, 0x00000000cd300000| Untracked 
| 182|0x00000000cd400000, 0x00000000cd400000, 0x00000000cd500000|  0%| F|  |TAMS 0x00000000cd400000, 0x00000000cd400000| Untracked 
| 183|0x00000000cd500000, 0x00000000cd500000, 0x00000000cd600000|  0%| F|  |TAMS 0x00000000cd500000, 0x00000000cd500000| Untracked 
| 184|0x00000000cd600000, 0x00000000cd600000, 0x00000000cd700000|  0%| F|  |TAMS 0x00000000cd600000, 0x00000000cd600000| Untracked 
| 185|0x00000000cd700000, 0x00000000cd700000, 0x00000000cd800000|  0%| F|  |TAMS 0x00000000cd700000, 0x00000000cd700000| Untracked 
| 186|0x00000000cd800000, 0x00000000cd800000, 0x00000000cd900000|  0%| F|  |TAMS 0x00000000cd800000, 0x00000000cd800000| Untracked 
| 187|0x00000000cd900000, 0x00000000cd900000, 0x00000000cda00000|  0%| F|  |TAMS 0x00000000cd900000, 0x00000000cd900000| Untracked 
| 188|0x00000000cda00000, 0x00000000cda00000, 0x00000000cdb00000|  0%| F|  |TAMS 0x00000000cda00000, 0x00000000cda00000| Untracked 
| 189|0x00000000cdb00000, 0x00000000cdb00000, 0x00000000cdc00000|  0%| F|  |TAMS 0x00000000cdb00000, 0x00000000cdb00000| Untracked 
| 190|0x00000000cdc00000, 0x00000000cdc00000, 0x00000000cdd00000|  0%| F|  |TAMS 0x00000000cdc00000, 0x00000000cdc00000| Untracked 
| 191|0x00000000cdd00000, 0x00000000cdd00000, 0x00000000cde00000|  0%| F|  |TAMS 0x00000000cdd00000, 0x00000000cdd00000| Untracked 
| 192|0x00000000cde00000, 0x00000000cde00000, 0x00000000cdf00000|  0%| F|  |TAMS 0x00000000cde00000, 0x00000000cde00000| Untracked 
| 193|0x00000000cdf00000, 0x00000000cdf00000, 0x00000000ce000000|  0%| F|  |TAMS 0x00000000cdf00000, 0x00000000cdf00000| Untracked 
| 194|0x00000000ce000000, 0x00000000ce000000, 0x00000000ce100000|  0%| F|  |TAMS 0x00000000ce000000, 0x00000000ce000000| Untracked 
| 195|0x00000000ce100000, 0x00000000ce100000, 0x00000000ce200000|  0%| F|  |TAMS 0x00000000ce100000, 0x00000000ce100000| Untracked 
| 196|0x00000000ce200000, 0x00000000ce200000, 0x00000000ce300000|  0%| F|  |TAMS 0x00000000ce200000, 0x00000000ce200000| Untracked 
| 197|0x00000000ce300000, 0x00000000ce300000, 0x00000000ce400000|  0%| F|  |TAMS 0x00000000ce300000, 0x00000000ce300000| Untracked 
| 198|0x00000000ce400000, 0x00000000ce400000, 0x00000000ce500000|  0%| F|  |TAMS 0x00000000ce400000, 0x00000000ce400000| Untracked 
| 199|0x00000000ce500000, 0x00000000ce500000, 0x00000000ce600000|  0%| F|  |TAMS 0x00000000ce500000, 0x00000000ce500000| Untracked 
| 200|0x00000000ce600000, 0x00000000ce600000, 0x00000000ce700000|  0%| F|  |TAMS 0x00000000ce600000, 0x00000000ce600000| Untracked 
| 201|0x00000000ce700000, 0x00000000ce700000, 0x00000000ce800000|  0%| F|  |TAMS 0x00000000ce700000, 0x00000000ce700000| Untracked 
| 202|0x00000000ce800000, 0x00000000ce800000, 0x00000000ce900000|  0%| F|  |TAMS 0x00000000ce800000, 0x00000000ce800000| Untracked 
| 203|0x00000000ce900000, 0x00000000ce900000, 0x00000000cea00000|  0%| F|  |TAMS 0x00000000ce900000, 0x00000000ce900000| Untracked 
| 204|0x00000000cea00000, 0x00000000cea00000, 0x00000000ceb00000|  0%| F|  |TAMS 0x00000000cea00000, 0x00000000cea00000| Untracked 
| 205|0x00000000ceb00000, 0x00000000ceb00000, 0x00000000cec00000|  0%| F|  |TAMS 0x00000000ceb00000, 0x00000000ceb00000| Untracked 
| 206|0x00000000cec00000, 0x00000000cec00000, 0x00000000ced00000|  0%| F|  |TAMS 0x00000000cec00000, 0x00000000cec00000| Untracked 
| 207|0x00000000ced00000, 0x00000000ced00000, 0x00000000cee00000|  0%| F|  |TAMS 0x00000000ced00000, 0x00000000ced00000| Untracked 
| 208|0x00000000cee00000, 0x00000000cee00000, 0x00000000cef00000|  0%| F|  |TAMS 0x00000000cee00000, 0x00000000cee00000| Untracked 
| 209|0x00000000cef00000, 0x00000000cef00000, 0x00000000cf000000|  0%| F|  |TAMS 0x00000000cef00000, 0x00000000cef00000| Untracked 
| 210|0x00000000cf000000, 0x00000000cf000000, 0x00000000cf100000|  0%| F|  |TAMS 0x00000000cf000000, 0x00000000cf000000| Untracked 
| 211|0x00000000cf100000, 0x00000000cf100000, 0x00000000cf200000|  0%| F|  |TAMS 0x00000000cf100000, 0x00000000cf100000| Untracked 
| 212|0x00000000cf200000, 0x00000000cf200000, 0x00000000cf300000|  0%| F|  |TAMS 0x00000000cf200000, 0x00000000cf200000| Untracked 
| 213|0x00000000cf300000, 0x00000000cf300000, 0x00000000cf400000|  0%| F|  |TAMS 0x00000000cf300000, 0x00000000cf300000| Untracked 
| 214|0x00000000cf400000, 0x00000000cf400000, 0x00000000cf500000|  0%| F|  |TAMS 0x00000000cf400000, 0x00000000cf400000| Untracked 
| 215|0x00000000cf500000, 0x00000000cf500000, 0x00000000cf600000|  0%| F|  |TAMS 0x00000000cf500000, 0x00000000cf500000| Untracked 
| 216|0x00000000cf600000, 0x00000000cf600000, 0x00000000cf700000|  0%| F|  |TAMS 0x00000000cf600000, 0x00000000cf600000| Untracked 
| 217|0x00000000cf700000, 0x00000000cf700000, 0x00000000cf800000|  0%| F|  |TAMS 0x00000000cf700000, 0x00000000cf700000| Untracked 
| 218|0x00000000cf800000, 0x00000000cf800000, 0x00000000cf900000|  0%| F|  |TAMS 0x00000000cf800000, 0x00000000cf800000| Untracked 
| 219|0x00000000cf900000, 0x00000000cf900000, 0x00000000cfa00000|  0%| F|  |TAMS 0x00000000cf900000, 0x00000000cf900000| Untracked 
| 220|0x00000000cfa00000, 0x00000000cfa00000, 0x00000000cfb00000|  0%| F|  |TAMS 0x00000000cfa00000, 0x00000000cfa00000| Untracked 
| 221|0x00000000cfb00000, 0x00000000cfb00000, 0x00000000cfc00000|  0%| F|  |TAMS 0x00000000cfb00000, 0x00000000cfb00000| Untracked 
| 222|0x00000000cfc00000, 0x00000000cfc00000, 0x00000000cfd00000|  0%| F|  |TAMS 0x00000000cfc00000, 0x00000000cfc00000| Untracked 
| 223|0x00000000cfd00000, 0x00000000cfd00000, 0x00000000cfe00000|  0%| F|  |TAMS 0x00000000cfd00000, 0x00000000cfd00000| Untracked 
| 224|0x00000000cfe00000, 0x00000000cfe00000, 0x00000000cff00000|  0%| F|  |TAMS 0x00000000cfe00000, 0x00000000cfe00000| Untracked 
| 225|0x00000000cff00000, 0x00000000cff00000, 0x00000000d0000000|  0%| F|  |TAMS 0x00000000cff00000, 0x00000000cff00000| Untracked 
| 226|0x00000000d0000000, 0x00000000d0000000, 0x00000000d0100000|  0%| F|  |TAMS 0x00000000d0000000, 0x00000000d0000000| Untracked 
| 227|0x00000000d0100000, 0x00000000d0100000, 0x00000000d0200000|  0%| F|  |TAMS 0x00000000d0100000, 0x00000000d0100000| Untracked 
| 228|0x00000000d0200000, 0x00000000d0200000, 0x00000000d0300000|  0%| F|  |TAMS 0x00000000d0200000, 0x00000000d0200000| Untracked 
| 229|0x00000000d0300000, 0x00000000d0300000, 0x00000000d0400000|  0%| F|  |TAMS 0x00000000d0300000, 0x00000000d0300000| Untracked 
| 230|0x00000000d0400000, 0x00000000d0400000, 0x00000000d0500000|  0%| F|  |TAMS 0x00000000d0400000, 0x00000000d0400000| Untracked 
| 231|0x00000000d0500000, 0x00000000d0500000, 0x00000000d0600000|  0%| F|  |TAMS 0x00000000d0500000, 0x00000000d0500000| Untracked 
| 232|0x00000000d0600000, 0x00000000d0600000, 0x00000000d0700000|  0%| F|  |TAMS 0x00000000d0600000, 0x00000000d0600000| Untracked 
| 233|0x00000000d0700000, 0x00000000d0700000, 0x00000000d0800000|  0%| F|  |TAMS 0x00000000d0700000, 0x00000000d0700000| Untracked 
| 234|0x00000000d0800000, 0x00000000d0800000, 0x00000000d0900000|  0%| F|  |TAMS 0x00000000d0800000, 0x00000000d0800000| Untracked 
| 235|0x00000000d0900000, 0x00000000d0900000, 0x00000000d0a00000|  0%| F|  |TAMS 0x00000000d0900000, 0x00000000d0900000| Untracked 
| 236|0x00000000d0a00000, 0x00000000d0a00000, 0x00000000d0b00000|  0%| F|  |TAMS 0x00000000d0a00000, 0x00000000d0a00000| Untracked 
| 237|0x00000000d0b00000, 0x00000000d0b00000, 0x00000000d0c00000|  0%| F|  |TAMS 0x00000000d0b00000, 0x00000000d0b00000| Untracked 
| 238|0x00000000d0c00000, 0x00000000d0c00000, 0x00000000d0d00000|  0%| F|  |TAMS 0x00000000d0c00000, 0x00000000d0c00000| Untracked 
| 239|0x00000000d0d00000, 0x00000000d0d00000, 0x00000000d0e00000|  0%| F|  |TAMS 0x00000000d0d00000, 0x00000000d0d00000| Untracked 
| 240|0x00000000d0e00000, 0x00000000d0e00000, 0x00000000d0f00000|  0%| F|  |TAMS 0x00000000d0e00000, 0x00000000d0e00000| Untracked 
| 241|0x00000000d0f00000, 0x00000000d0f00000, 0x00000000d1000000|  0%| F|  |TAMS 0x00000000d0f00000, 0x00000000d0f00000| Untracked 
| 242|0x00000000d1000000, 0x00000000d1000000, 0x00000000d1100000|  0%| F|  |TAMS 0x00000000d1000000, 0x00000000d1000000| Untracked 
| 243|0x00000000d1100000, 0x00000000d1100000, 0x00000000d1200000|  0%| F|  |TAMS 0x00000000d1100000, 0x00000000d1100000| Untracked 
| 244|0x00000000d1200000, 0x00000000d1200000, 0x00000000d1300000|  0%| F|  |TAMS 0x00000000d1200000, 0x00000000d1200000| Untracked 
| 245|0x00000000d1300000, 0x00000000d1300000, 0x00000000d1400000|  0%| F|  |TAMS 0x00000000d1300000, 0x00000000d1300000| Untracked 
| 246|0x00000000d1400000, 0x00000000d1400000, 0x00000000d1500000|  0%| F|  |TAMS 0x00000000d1400000, 0x00000000d1400000| Untracked 
| 247|0x00000000d1500000, 0x00000000d1500000, 0x00000000d1600000|  0%| F|  |TAMS 0x00000000d1500000, 0x00000000d1500000| Untracked 
| 248|0x00000000d1600000, 0x00000000d1600000, 0x00000000d1700000|  0%| F|  |TAMS 0x00000000d1600000, 0x00000000d1600000| Untracked 
| 249|0x00000000d1700000, 0x00000000d1700000, 0x00000000d1800000|  0%| F|  |TAMS 0x00000000d1700000, 0x00000000d1700000| Untracked 
| 250|0x00000000d1800000, 0x00000000d1800000, 0x00000000d1900000|  0%| F|  |TAMS 0x00000000d1800000, 0x00000000d1800000| Untracked 
| 251|0x00000000d1900000, 0x00000000d1900000, 0x00000000d1a00000|  0%| F|  |TAMS 0x00000000d1900000, 0x00000000d1900000| Untracked 
| 252|0x00000000d1a00000, 0x00000000d1a00000, 0x00000000d1b00000|  0%| F|  |TAMS 0x00000000d1a00000, 0x00000000d1a00000| Untracked 
| 253|0x00000000d1b00000, 0x00000000d1b00000, 0x00000000d1c00000|  0%| F|  |TAMS 0x00000000d1b00000, 0x00000000d1b00000| Untracked 
| 254|0x00000000d1c00000, 0x00000000d1c00000, 0x00000000d1d00000|  0%| F|  |TAMS 0x00000000d1c00000, 0x00000000d1c00000| Untracked 
| 255|0x00000000d1d00000, 0x00000000d1d00000, 0x00000000d1e00000|  0%| F|  |TAMS 0x00000000d1d00000, 0x00000000d1d00000| Untracked 
| 256|0x00000000d1e00000, 0x00000000d1e00000, 0x00000000d1f00000|  0%| F|  |TAMS 0x00000000d1e00000, 0x00000000d1e00000| Untracked 
| 257|0x00000000d1f00000, 0x00000000d1f00000, 0x00000000d2000000|  0%| F|  |TAMS 0x00000000d1f00000, 0x00000000d1f00000| Untracked 
| 258|0x00000000d2000000, 0x00000000d2000000, 0x00000000d2100000|  0%| F|  |TAMS 0x00000000d2000000, 0x00000000d2000000| Untracked 
| 259|0x00000000d2100000, 0x00000000d2100000, 0x00000000d2200000|  0%| F|  |TAMS 0x00000000d2100000, 0x00000000d2100000| Untracked 
| 260|0x00000000d2200000, 0x00000000d2200000, 0x00000000d2300000|  0%| F|  |TAMS 0x00000000d2200000, 0x00000000d2200000| Untracked 
| 261|0x00000000d2300000, 0x00000000d2300000, 0x00000000d2400000|  0%| F|  |TAMS 0x00000000d2300000, 0x00000000d2300000| Untracked 
| 262|0x00000000d2400000, 0x00000000d2400000, 0x00000000d2500000|  0%| F|  |TAMS 0x00000000d2400000, 0x00000000d2400000| Untracked 
| 263|0x00000000d2500000, 0x00000000d2500000, 0x00000000d2600000|  0%| F|  |TAMS 0x00000000d2500000, 0x00000000d2500000| Untracked 
| 264|0x00000000d2600000, 0x00000000d2600000, 0x00000000d2700000|  0%| F|  |TAMS 0x00000000d2600000, 0x00000000d2600000| Untracked 
| 265|0x00000000d2700000, 0x00000000d2700000, 0x00000000d2800000|  0%| F|  |TAMS 0x00000000d2700000, 0x00000000d2700000| Untracked 
| 266|0x00000000d2800000, 0x00000000d2800000, 0x00000000d2900000|  0%| F|  |TAMS 0x00000000d2800000, 0x00000000d2800000| Untracked 
| 267|0x00000000d2900000, 0x00000000d2900000, 0x00000000d2a00000|  0%| F|  |TAMS 0x00000000d2900000, 0x00000000d2900000| Untracked 
| 268|0x00000000d2a00000, 0x00000000d2a00000, 0x00000000d2b00000|  0%| F|  |TAMS 0x00000000d2a00000, 0x00000000d2a00000| Untracked 
| 269|0x00000000d2b00000, 0x00000000d2b00000, 0x00000000d2c00000|  0%| F|  |TAMS 0x00000000d2b00000, 0x00000000d2b00000| Untracked 
| 270|0x00000000d2c00000, 0x00000000d2c00000, 0x00000000d2d00000|  0%| F|  |TAMS 0x00000000d2c00000, 0x00000000d2c00000| Untracked 
| 271|0x00000000d2d00000, 0x00000000d2d00000, 0x00000000d2e00000|  0%| F|  |TAMS 0x00000000d2d00000, 0x00000000d2d00000| Untracked 
| 272|0x00000000d2e00000, 0x00000000d2e00000, 0x00000000d2f00000|  0%| F|  |TAMS 0x00000000d2e00000, 0x00000000d2e00000| Untracked 
| 273|0x00000000d2f00000, 0x00000000d2f00000, 0x00000000d3000000|  0%| F|  |TAMS 0x00000000d2f00000, 0x00000000d2f00000| Untracked 
| 274|0x00000000d3000000, 0x00000000d3000000, 0x00000000d3100000|  0%| F|  |TAMS 0x00000000d3000000, 0x00000000d3000000| Untracked 
| 275|0x00000000d3100000, 0x00000000d3100000, 0x00000000d3200000|  0%| F|  |TAMS 0x00000000d3100000, 0x00000000d3100000| Untracked 
| 276|0x00000000d3200000, 0x00000000d3200000, 0x00000000d3300000|  0%| F|  |TAMS 0x00000000d3200000, 0x00000000d3200000| Untracked 
| 277|0x00000000d3300000, 0x00000000d3300000, 0x00000000d3400000|  0%| F|  |TAMS 0x00000000d3300000, 0x00000000d3300000| Untracked 
| 278|0x00000000d3400000, 0x00000000d3400000, 0x00000000d3500000|  0%| F|  |TAMS 0x00000000d3400000, 0x00000000d3400000| Untracked 
| 279|0x00000000d3500000, 0x00000000d3500000, 0x00000000d3600000|  0%| F|  |TAMS 0x00000000d3500000, 0x00000000d3500000| Untracked 
| 280|0x00000000d3600000, 0x00000000d3600000, 0x00000000d3700000|  0%| F|  |TAMS 0x00000000d3600000, 0x00000000d3600000| Untracked 
| 281|0x00000000d3700000, 0x00000000d3700000, 0x00000000d3800000|  0%| F|  |TAMS 0x00000000d3700000, 0x00000000d3700000| Untracked 
| 282|0x00000000d3800000, 0x00000000d3800000, 0x00000000d3900000|  0%| F|  |TAMS 0x00000000d3800000, 0x00000000d3800000| Untracked 
| 283|0x00000000d3900000, 0x00000000d3900000, 0x00000000d3a00000|  0%| F|  |TAMS 0x00000000d3900000, 0x00000000d3900000| Untracked 
| 284|0x00000000d3a00000, 0x00000000d3a00000, 0x00000000d3b00000|  0%| F|  |TAMS 0x00000000d3a00000, 0x00000000d3a00000| Untracked 
| 285|0x00000000d3b00000, 0x00000000d3b00000, 0x00000000d3c00000|  0%| F|  |TAMS 0x00000000d3b00000, 0x00000000d3b00000| Untracked 
| 286|0x00000000d3c00000, 0x00000000d3c00000, 0x00000000d3d00000|  0%| F|  |TAMS 0x00000000d3c00000, 0x00000000d3c00000| Untracked 
| 287|0x00000000d3d00000, 0x00000000d3d00000, 0x00000000d3e00000|  0%| F|  |TAMS 0x00000000d3d00000, 0x00000000d3d00000| Untracked 
| 288|0x00000000d3e00000, 0x00000000d3e00000, 0x00000000d3f00000|  0%| F|  |TAMS 0x00000000d3e00000, 0x00000000d3e00000| Untracked 
| 289|0x00000000d3f00000, 0x00000000d3f00000, 0x00000000d4000000|  0%| F|  |TAMS 0x00000000d3f00000, 0x00000000d3f00000| Untracked 
| 290|0x00000000d4000000, 0x00000000d4000000, 0x00000000d4100000|  0%| F|  |TAMS 0x00000000d4000000, 0x00000000d4000000| Untracked 
| 291|0x00000000d4100000, 0x00000000d4100000, 0x00000000d4200000|  0%| F|  |TAMS 0x00000000d4100000, 0x00000000d4100000| Untracked 
| 292|0x00000000d4200000, 0x00000000d4200000, 0x00000000d4300000|  0%| F|  |TAMS 0x00000000d4200000, 0x00000000d4200000| Untracked 
| 293|0x00000000d4300000, 0x00000000d4300000, 0x00000000d4400000|  0%| F|  |TAMS 0x00000000d4300000, 0x00000000d4300000| Untracked 
| 294|0x00000000d4400000, 0x00000000d4400000, 0x00000000d4500000|  0%| F|  |TAMS 0x00000000d4400000, 0x00000000d4400000| Untracked 
| 295|0x00000000d4500000, 0x00000000d4500000, 0x00000000d4600000|  0%| F|  |TAMS 0x00000000d4500000, 0x00000000d4500000| Untracked 
| 296|0x00000000d4600000, 0x00000000d4600000, 0x00000000d4700000|  0%| F|  |TAMS 0x00000000d4600000, 0x00000000d4600000| Untracked 
| 297|0x00000000d4700000, 0x00000000d4700000, 0x00000000d4800000|  0%| F|  |TAMS 0x00000000d4700000, 0x00000000d4700000| Untracked 
| 298|0x00000000d4800000, 0x00000000d4800000, 0x00000000d4900000|  0%| F|  |TAMS 0x00000000d4800000, 0x00000000d4800000| Untracked 
| 299|0x00000000d4900000, 0x00000000d4900000, 0x00000000d4a00000|  0%| F|  |TAMS 0x00000000d4900000, 0x00000000d4900000| Untracked 
| 300|0x00000000d4a00000, 0x00000000d4a00000, 0x00000000d4b00000|  0%| F|  |TAMS 0x00000000d4a00000, 0x00000000d4a00000| Untracked 
| 301|0x00000000d4b00000, 0x00000000d4b00000, 0x00000000d4c00000|  0%| F|  |TAMS 0x00000000d4b00000, 0x00000000d4b00000| Untracked 
| 302|0x00000000d4c00000, 0x00000000d4c00000, 0x00000000d4d00000|  0%| F|  |TAMS 0x00000000d4c00000, 0x00000000d4c00000| Untracked 
| 303|0x00000000d4d00000, 0x00000000d4d00000, 0x00000000d4e00000|  0%| F|  |TAMS 0x00000000d4d00000, 0x00000000d4d00000| Untracked 
| 304|0x00000000d4e00000, 0x00000000d4e00000, 0x00000000d4f00000|  0%| F|  |TAMS 0x00000000d4e00000, 0x00000000d4e00000| Untracked 
| 305|0x00000000d4f00000, 0x00000000d4f00000, 0x00000000d5000000|  0%| F|  |TAMS 0x00000000d4f00000, 0x00000000d4f00000| Untracked 
| 306|0x00000000d5000000, 0x00000000d5000000, 0x00000000d5100000|  0%| F|  |TAMS 0x00000000d5000000, 0x00000000d5000000| Untracked 
| 307|0x00000000d5100000, 0x00000000d5100000, 0x00000000d5200000|  0%| F|  |TAMS 0x00000000d5100000, 0x00000000d5100000| Untracked 
| 308|0x00000000d5200000, 0x00000000d5200000, 0x00000000d5300000|  0%| F|  |TAMS 0x00000000d5200000, 0x00000000d5200000| Untracked 
| 309|0x00000000d5300000, 0x00000000d5300000, 0x00000000d5400000|  0%| F|  |TAMS 0x00000000d5300000, 0x00000000d5300000| Untracked 
| 310|0x00000000d5400000, 0x00000000d5400000, 0x00000000d5500000|  0%| F|  |TAMS 0x00000000d5400000, 0x00000000d5400000| Untracked 
| 311|0x00000000d5500000, 0x00000000d5500000, 0x00000000d5600000|  0%| F|  |TAMS 0x00000000d5500000, 0x00000000d5500000| Untracked 
| 312|0x00000000d5600000, 0x00000000d5600000, 0x00000000d5700000|  0%| F|  |TAMS 0x00000000d5600000, 0x00000000d5600000| Untracked 
| 313|0x00000000d5700000, 0x00000000d5700000, 0x00000000d5800000|  0%| F|  |TAMS 0x00000000d5700000, 0x00000000d5700000| Untracked 
| 314|0x00000000d5800000, 0x00000000d5800000, 0x00000000d5900000|  0%| F|  |TAMS 0x00000000d5800000, 0x00000000d5800000| Untracked 
| 315|0x00000000d5900000, 0x00000000d5900000, 0x00000000d5a00000|  0%| F|  |TAMS 0x00000000d5900000, 0x00000000d5900000| Untracked 
| 316|0x00000000d5a00000, 0x00000000d5a00000, 0x00000000d5b00000|  0%| F|  |TAMS 0x00000000d5a00000, 0x00000000d5a00000| Untracked 
| 317|0x00000000d5b00000, 0x00000000d5b00000, 0x00000000d5c00000|  0%| F|  |TAMS 0x00000000d5b00000, 0x00000000d5b00000| Untracked 
| 318|0x00000000d5c00000, 0x00000000d5c00000, 0x00000000d5d00000|  0%| F|  |TAMS 0x00000000d5c00000, 0x00000000d5c00000| Untracked 
| 319|0x00000000d5d00000, 0x00000000d5d00000, 0x00000000d5e00000|  0%| F|  |TAMS 0x00000000d5d00000, 0x00000000d5d00000| Untracked 
| 320|0x00000000d5e00000, 0x00000000d5e00000, 0x00000000d5f00000|  0%| F|  |TAMS 0x00000000d5e00000, 0x00000000d5e00000| Untracked 
| 321|0x00000000d5f00000, 0x00000000d5f00000, 0x00000000d6000000|  0%| F|  |TAMS 0x00000000d5f00000, 0x00000000d5f00000| Untracked 
| 322|0x00000000d6000000, 0x00000000d6000000, 0x00000000d6100000|  0%| F|  |TAMS 0x00000000d6000000, 0x00000000d6000000| Untracked 
| 323|0x00000000d6100000, 0x00000000d6100000, 0x00000000d6200000|  0%| F|  |TAMS 0x00000000d6100000, 0x00000000d6100000| Untracked 
| 324|0x00000000d6200000, 0x00000000d6200000, 0x00000000d6300000|  0%| F|  |TAMS 0x00000000d6200000, 0x00000000d6200000| Untracked 
| 325|0x00000000d6300000, 0x00000000d6300000, 0x00000000d6400000|  0%| F|  |TAMS 0x00000000d6300000, 0x00000000d6300000| Untracked 
| 326|0x00000000d6400000, 0x00000000d6400000, 0x00000000d6500000|  0%| F|  |TAMS 0x00000000d6400000, 0x00000000d6400000| Untracked 
| 327|0x00000000d6500000, 0x00000000d6500000, 0x00000000d6600000|  0%| F|  |TAMS 0x00000000d6500000, 0x00000000d6500000| Untracked 
| 328|0x00000000d6600000, 0x00000000d6600000, 0x00000000d6700000|  0%| F|  |TAMS 0x00000000d6600000, 0x00000000d6600000| Untracked 
| 329|0x00000000d6700000, 0x00000000d6700000, 0x00000000d6800000|  0%| F|  |TAMS 0x00000000d6700000, 0x00000000d6700000| Untracked 
| 330|0x00000000d6800000, 0x00000000d6800000, 0x00000000d6900000|  0%| F|  |TAMS 0x00000000d6800000, 0x00000000d6800000| Untracked 
| 331|0x00000000d6900000, 0x00000000d6900000, 0x00000000d6a00000|  0%| F|  |TAMS 0x00000000d6900000, 0x00000000d6900000| Untracked 
| 332|0x00000000d6a00000, 0x00000000d6a00000, 0x00000000d6b00000|  0%| F|  |TAMS 0x00000000d6a00000, 0x00000000d6a00000| Untracked 
| 333|0x00000000d6b00000, 0x00000000d6b00000, 0x00000000d6c00000|  0%| F|  |TAMS 0x00000000d6b00000, 0x00000000d6b00000| Untracked 
| 334|0x00000000d6c00000, 0x00000000d6c00000, 0x00000000d6d00000|  0%| F|  |TAMS 0x00000000d6c00000, 0x00000000d6c00000| Untracked 
| 335|0x00000000d6d00000, 0x00000000d6d00000, 0x00000000d6e00000|  0%| F|  |TAMS 0x00000000d6d00000, 0x00000000d6d00000| Untracked 
| 336|0x00000000d6e00000, 0x00000000d6e00000, 0x00000000d6f00000|  0%| F|  |TAMS 0x00000000d6e00000, 0x00000000d6e00000| Untracked 
| 337|0x00000000d6f00000, 0x00000000d6f00000, 0x00000000d7000000|  0%| F|  |TAMS 0x00000000d6f00000, 0x00000000d6f00000| Untracked 
| 338|0x00000000d7000000, 0x00000000d7000000, 0x00000000d7100000|  0%| F|  |TAMS 0x00000000d7000000, 0x00000000d7000000| Untracked 
| 339|0x00000000d7100000, 0x00000000d7100000, 0x00000000d7200000|  0%| F|  |TAMS 0x00000000d7100000, 0x00000000d7100000| Untracked 
| 340|0x00000000d7200000, 0x00000000d7200000, 0x00000000d7300000|  0%| F|  |TAMS 0x00000000d7200000, 0x00000000d7200000| Untracked 
| 341|0x00000000d7300000, 0x00000000d7300000, 0x00000000d7400000|  0%| F|  |TAMS 0x00000000d7300000, 0x00000000d7300000| Untracked 
| 342|0x00000000d7400000, 0x00000000d7400000, 0x00000000d7500000|  0%| F|  |TAMS 0x00000000d7400000, 0x00000000d7400000| Untracked 
| 343|0x00000000d7500000, 0x00000000d7500000, 0x00000000d7600000|  0%| F|  |TAMS 0x00000000d7500000, 0x00000000d7500000| Untracked 
| 344|0x00000000d7600000, 0x00000000d7600000, 0x00000000d7700000|  0%| F|  |TAMS 0x00000000d7600000, 0x00000000d7600000| Untracked 
| 345|0x00000000d7700000, 0x00000000d7700000, 0x00000000d7800000|  0%| F|  |TAMS 0x00000000d7700000, 0x00000000d7700000| Untracked 
| 346|0x00000000d7800000, 0x00000000d7800000, 0x00000000d7900000|  0%| F|  |TAMS 0x00000000d7800000, 0x00000000d7800000| Untracked 
| 347|0x00000000d7900000, 0x00000000d7900000, 0x00000000d7a00000|  0%| F|  |TAMS 0x00000000d7900000, 0x00000000d7900000| Untracked 
| 348|0x00000000d7a00000, 0x00000000d7a00000, 0x00000000d7b00000|  0%| F|  |TAMS 0x00000000d7a00000, 0x00000000d7a00000| Untracked 
| 349|0x00000000d7b00000, 0x00000000d7b00000, 0x00000000d7c00000|  0%| F|  |TAMS 0x00000000d7b00000, 0x00000000d7b00000| Untracked 
| 350|0x00000000d7c00000, 0x00000000d7c00000, 0x00000000d7d00000|  0%| F|  |TAMS 0x00000000d7c00000, 0x00000000d7c00000| Untracked 
| 351|0x00000000d7d00000, 0x00000000d7d00000, 0x00000000d7e00000|  0%| F|  |TAMS 0x00000000d7d00000, 0x00000000d7d00000| Untracked 
| 352|0x00000000d7e00000, 0x00000000d7e00000, 0x00000000d7f00000|  0%| F|  |TAMS 0x00000000d7e00000, 0x00000000d7e00000| Untracked 
| 353|0x00000000d7f00000, 0x00000000d7f00000, 0x00000000d8000000|  0%| F|  |TAMS 0x00000000d7f00000, 0x00000000d7f00000| Untracked 
| 354|0x00000000d8000000, 0x00000000d8000000, 0x00000000d8100000|  0%| F|  |TAMS 0x00000000d8000000, 0x00000000d8000000| Untracked 

Card table byte_map: [0x00000271e0800000,0x00000271e0a00000] _byte_map_base: 0x00000271e01f1000

Marking Bits (Prev, Next): (CMBitMap*) 0x00000271c9db24f0, (CMBitMap*) 0x00000271c9db2530
 Prev Bits: [0x00000271e0c00000, 0x00000271e1b88000)
 Next Bits: [0x00000271e1b90000, 0x00000271e2b18000)

Polling page: 0x00000271c7ca0000

Metaspace:

Usage:
  Non-class:      6.19 MB used.
      Class:    872.04 KB used.
       Both:      7.04 MB used.

Virtual space:
  Non-class space:        8.00 MB reserved,       6.25 MB ( 78%) committed,  1 nodes.
      Class space:        1.00 GB reserved,     960.00 KB ( <1%) committed,  1 nodes.
             Both:        1.01 GB reserved,       7.19 MB ( <1%) committed. 

Chunk freelists:
   Non-Class:  976.00 KB
       Class:  3.03 MB
        Both:  3.98 MB

MaxMetaspaceSize: unlimited
CompressedClassSpaceSize: 1.00 GB
Initial GC threshold: 21.00 MB
Current GC threshold: 21.00 MB
CDS: on
MetaspaceReclaimPolicy: balanced
 - commit_granule_bytes: 65536.
 - commit_granule_words: 8192.
 - virtual_space_node_default_size: 1048576.
 - enlarge_chunks_in_place: 1.
 - new_chunks_are_fully_committed: 0.
 - uncommit_free_chunks: 1.
 - use_allocation_guard: 0.
 - handle_deallocations: 1.


Internal statistics:

num_allocs_failed_limit: 0.
num_arena_births: 128.
num_arena_deaths: 0.
num_vsnodes_births: 2.
num_vsnodes_deaths: 0.
num_space_committed: 115.
num_space_uncommitted: 0.
num_chunks_returned_to_freelist: 0.
num_chunks_taken_from_freelist: 323.
num_chunk_merges: 0.
num_chunk_splits: 173.
num_chunks_enlarged: 96.
num_purges: 0.
num_inconsistent_stats: 0.

CodeHeap 'non-profiled nmethods': size=120000Kb used=769Kb max_used=769Kb free=119230Kb
 bounds [0x00000271d90d0000, 0x00000271d9340000, 0x00000271e0600000]
CodeHeap 'profiled nmethods': size=120000Kb used=2937Kb max_used=2937Kb free=117062Kb
 bounds [0x00000271d1600000, 0x00000271d18e0000, 0x00000271d8b30000]
CodeHeap 'non-nmethods': size=5760Kb used=1179Kb max_used=1224Kb free=4581Kb
 bounds [0x00000271d8b30000, 0x00000271d8da0000, 0x00000271d90d0000]
 total_blobs=1973 nmethods=1498 adapters=388
 compilation: enabled
              stopped_count=0, restarted_count=0
 full_count=0

Compilation events (20 events):
Event: 10.402 Thread 0x00000271e4fd0680 nmethod 1457 0x00000271d9188010 code [0x00000271d9188180, 0x00000271d91883d8]
Event: 10.402 Thread 0x00000271e4fd0680 1458       4       java.awt.Color::<init> (72 bytes)
Event: 10.407 Thread 0x00000271e4fd0680 nmethod 1458 0x00000271d9188510 code [0x00000271d9188680, 0x00000271d91888d8]
Event: 10.407 Thread 0x00000271e4fd0680 1461       4       renderer.Camera::castRay (30 bytes)
Event: 10.867 Thread 0x00000271e4ff34e0 1513       3       geometries.Triangle::findGeoIntersectionsHelper (204 bytes)
Event: 10.878 Thread 0x00000271e4ff34e0 nmethod 1513 0x00000271d18d8310 code [0x00000271d18d8760, 0x00000271d18da708]
Event: 10.970 Thread 0x00000271e4ff34e0 1516       3       primitives.Util::alignZero (15 bytes)
Event: 10.970 Thread 0x00000271e4ff34e0 nmethod 1516 0x00000271d18db290 code [0x00000271d18db420, 0x00000271d18db5f8]
Event: 10.971 Thread 0x00000271e4ff34e0 1517       3       renderer.RayTracerBasic::calcLocalEffects (236 bytes)
Event: 10.973 Thread 0x00000271e4ff34e0 nmethod 1517 0x00000271d18db690 code [0x00000271d18dba40, 0x00000271d18dd508]
Event: 10.987 Thread 0x00000271e4fd0680 nmethod 1461 0x00000271d9188a10 code [0x00000271d9188d80, 0x00000271d918b898]
Event: 10.988 Thread 0x00000271e4fd0680 1514       4       geometries.Triangle::findGeoIntersectionsHelper (204 bytes)
Event: 11.046 Thread 0x00000271e4ff34e0 1521       1       geometries.Plane::getNormal (5 bytes)
Event: 11.046 Thread 0x00000271e4ff34e0 nmethod 1521 0x00000271d918d390 code [0x00000271d918d520, 0x00000271d918d5f8]
Event: 11.084 Thread 0x00000271e4ff34e0 1522       2       geometries.Polygon::getNormal (8 bytes)
Event: 11.084 Thread 0x00000271e4ff34e0 nmethod 1522 0x00000271d18de010 code [0x00000271d18de1a0, 0x00000271d18de2b8]
Event: 11.095 Thread 0x00000271e4fd0680 nmethod 1514 0x00000271d918d690 code [0x00000271d918d940, 0x00000271d918f3e8]
Event: 11.097 Thread 0x00000271e4fd0680 1515       4       renderer.RayTracerBasic::calcGlobalEffect (98 bytes)
Event: 11.290 Thread 0x00000271e4ff34e0 1524       3       geometries.Polygon::getNormal (8 bytes)
Event: 11.298 Thread 0x00000271e4ff34e0 nmethod 1524 0x00000271d18de390 code [0x00000271d18de520, 0x00000271d18de658]

GC Heap History (20 events):
Event: 9.059 GC heap after
{Heap after GC invocations=26 (full 0):
 garbage-first heap   total 363520K, used 5781K [0x00000000c1e00000, 0x0000000100000000)
  region size 1024K, 1 young (1024K), 1 survivors (1024K)
 Metaspace       used 7210K, committed 7360K, reserved 1056768K
  class space    used 872K, committed 960K, reserved 1048576K
}
Event: 9.121 GC heap before
{Heap before GC invocations=26 (full 0):
 garbage-first heap   total 363520K, used 22165K [0x00000000c1e00000, 0x0000000100000000)
  region size 1024K, 17 young (17408K), 1 survivors (1024K)
 Metaspace       used 7210K, committed 7360K, reserved 1056768K
  class space    used 872K, committed 960K, reserved 1048576K
}
Event: 9.123 GC heap after
{Heap after GC invocations=27 (full 0):
 garbage-first heap   total 363520K, used 5781K [0x00000000c1e00000, 0x0000000100000000)
  region size 1024K, 1 young (1024K), 1 survivors (1024K)
 Metaspace       used 7210K, committed 7360K, reserved 1056768K
  class space    used 872K, committed 960K, reserved 1048576K
}
Event: 10.210 GC heap before
{Heap before GC invocations=27 (full 0):
 garbage-first heap   total 363520K, used 222869K [0x00000000c1e00000, 0x0000000100000000)
  region size 1024K, 213 young (218112K), 1 survivors (1024K)
 Metaspace       used 7210K, committed 7360K, reserved 1056768K
  class space    used 872K, committed 960K, reserved 1048576K
}
Event: 10.211 GC heap after
{Heap after GC invocations=28 (full 0):
 garbage-first heap   total 363520K, used 5785K [0x00000000c1e00000, 0x0000000100000000)
  region size 1024K, 1 young (1024K), 1 survivors (1024K)
 Metaspace       used 7210K, committed 7360K, reserved 1056768K
  class space    used 872K, committed 960K, reserved 1048576K
}
Event: 10.396 GC heap before
{Heap before GC invocations=28 (full 0):
 garbage-first heap   total 363520K, used 222873K [0x00000000c1e00000, 0x0000000100000000)
  region size 1024K, 213 young (218112K), 1 survivors (1024K)
 Metaspace       used 7210K, committed 7360K, reserved 1056768K
  class space    used 872K, committed 960K, reserved 1048576K
}
Event: 10.397 GC heap after
{Heap after GC invocations=29 (full 0):
 garbage-first heap   total 363520K, used 5785K [0x00000000c1e00000, 0x0000000100000000)
  region size 1024K, 1 young (1024K), 1 survivors (1024K)
 Metaspace       used 7210K, committed 7360K, reserved 1056768K
  class space    used 872K, committed 960K, reserved 1048576K
}
Event: 10.607 GC heap before
{Heap before GC invocations=29 (full 0):
 garbage-first heap   total 363520K, used 222873K [0x00000000c1e00000, 0x0000000100000000)
  region size 1024K, 213 young (218112K), 1 survivors (1024K)
 Metaspace       used 7210K, committed 7360K, reserved 1056768K
  class space    used 872K, committed 960K, reserved 1048576K
}
Event: 10.608 GC heap after
{Heap after GC invocations=30 (full 0):
 garbage-first heap   total 363520K, used 5785K [0x00000000c1e00000, 0x0000000100000000)
  region size 1024K, 1 young (1024K), 1 survivors (1024K)
 Metaspace       used 7210K, committed 7360K, reserved 1056768K
  class space    used 872K, committed 960K, reserved 1048576K
}
Event: 10.741 GC heap before
{Heap before GC invocations=30 (full 0):
 garbage-first heap   total 363520K, used 222873K [0x00000000c1e00000, 0x0000000100000000)
  region size 1024K, 213 young (218112K), 1 survivors (1024K)
 Metaspace       used 7210K, committed 7360K, reserved 1056768K
  class space    used 872K, committed 960K, reserved 1048576K
}
Event: 10.742 GC heap after
{Heap after GC invocations=31 (full 0):
 garbage-first heap   total 363520K, used 5785K [0x00000000c1e00000, 0x0000000100000000)
  region size 1024K, 1 young (1024K), 1 survivors (1024K)
 Metaspace       used 7210K, committed 7360K, reserved 1056768K
  class space    used 872K, committed 960K, reserved 1048576K
}
Event: 10.901 GC heap before
{Heap before GC invocations=31 (full 0):
 garbage-first heap   total 363520K, used 222873K [0x00000000c1e00000, 0x0000000100000000)
  region size 1024K, 213 young (218112K), 1 survivors (1024K)
 Metaspace       used 7210K, committed 7360K, reserved 1056768K
  class space    used 872K, committed 960K, reserved 1048576K
}
Event: 10.910 GC heap after
{Heap after GC invocations=32 (full 0):
 garbage-first heap   total 363520K, used 5785K [0x00000000c1e00000, 0x0000000100000000)
  region size 1024K, 1 young (1024K), 1 survivors (1024K)
 Metaspace       used 7210K, committed 7360K, reserved 1056768K
  class space    used 872K, committed 960K, reserved 1048576K
}
Event: 11.160 GC heap before
{Heap before GC invocations=32 (full 0):
 garbage-first heap   total 363520K, used 222873K [0x00000000c1e00000, 0x0000000100000000)
  region size 1024K, 213 young (218112K), 1 survivors (1024K)
 Metaspace       used 7211K, committed 7360K, reserved 1056768K
  class space    used 872K, committed 960K, reserved 1048576K
}
Event: 11.161 GC heap after
{Heap after GC invocations=33 (full 0):
 garbage-first heap   total 363520K, used 5785K [0x00000000c1e00000, 0x0000000100000000)
  region size 1024K, 1 young (1024K), 1 survivors (1024K)
 Metaspace       used 7211K, committed 7360K, reserved 1056768K
  class space    used 872K, committed 960K, reserved 1048576K
}
Event: 11.346 GC heap before
{Heap before GC invocations=33 (full 0):
 garbage-first heap   total 363520K, used 222873K [0x00000000c1e00000, 0x0000000100000000)
  region size 1024K, 213 young (218112K), 1 survivors (1024K)
 Metaspace       used 7211K, committed 7360K, reserved 1056768K
  class space    used 872K, committed 960K, reserved 1048576K
}
Event: 11.376 GC heap after
{Heap after GC invocations=34 (full 0):
 garbage-first heap   total 363520K, used 5785K [0x00000000c1e00000, 0x0000000100000000)
  region size 1024K, 1 young (1024K), 1 survivors (1024K)
 Metaspace       used 7211K, committed 7360K, reserved 1056768K
  class space    used 872K, committed 960K, reserved 1048576K
}
Event: 11.587 GC heap before
{Heap before GC invocations=34 (full 0):
 garbage-first heap   total 363520K, used 222873K [0x00000000c1e00000, 0x0000000100000000)
  region size 1024K, 213 young (218112K), 1 survivors (1024K)
 Metaspace       used 7211K, committed 7360K, reserved 1056768K
  class space    used 872K, committed 960K, reserved 1048576K
}
Event: 11.595 GC heap after
{Heap after GC invocations=35 (full 0):
 garbage-first heap   total 363520K, used 5783K [0x00000000c1e00000, 0x0000000100000000)
  region size 1024K, 1 young (1024K), 1 survivors (1024K)
 Metaspace       used 7211K, committed 7360K, reserved 1056768K
  class space    used 872K, committed 960K, reserved 1048576K
}
Event: 11.830 GC heap before
{Heap before GC invocations=35 (full 0):
 garbage-first heap   total 363520K, used 222871K [0x00000000c1e00000, 0x0000000100000000)
  region size 1024K, 213 young (218112K), 1 survivors (1024K)
 Metaspace       used 7211K, committed 7360K, reserved 1056768K
  class space    used 872K, committed 960K, reserved 1048576K
}

Deoptimization events (20 events):
Event: 10.969 Thread 0x00000271c9d74910 Uncommon trap: trap_request=0xffffffc6 fr.pc=0x00000271d91856d0 relative=0x0000000000001030
Event: 10.969 Thread 0x00000271c9d74910 Uncommon trap: reason=bimorphic_or_optimized_type_check action=maybe_recompile pc=0x00000271d91856d0 method=renderer.RayTracerBasic.calcGlobalEffects(Lgeometries/Intersectable$GeoPoint;Lprimitives/Ray;ILprimitives/Double3;)Lprimitives/Color; @ 14 c2
Event: 10.969 Thread 0x00000271c9d74910 DEOPT PACKING pc=0x00000271d91856d0 sp=0x000000cad96fc290
Event: 10.969 Thread 0x00000271c9d74910 DEOPT UNPACKING pc=0x00000271d8b823a3 sp=0x000000cad96fc278 mode 2
Event: 10.969 Thread 0x00000271c9d74910 Uncommon trap: trap_request=0xffffffde fr.pc=0x00000271d9173ae8 relative=0x00000000000060e8
Event: 10.969 Thread 0x00000271c9d74910 Uncommon trap: reason=class_check action=maybe_recompile pc=0x00000271d9173ae8 method=renderer.RayTracerBasic.calcGlobalEffect(Lprimitives/Ray;ILprimitives/Double3;Lprimitives/Double3;)Lprimitives/Color; @ 58 c2
Event: 10.969 Thread 0x00000271c9d74910 DEOPT PACKING pc=0x00000271d9173ae8 sp=0x000000cad96fc110
Event: 10.969 Thread 0x00000271c9d74910 DEOPT UNPACKING pc=0x00000271d8b823a3 sp=0x000000cad96fc1b8 mode 2
Event: 10.969 Thread 0x00000271c9d74910 Uncommon trap: trap_request=0xffffffc6 fr.pc=0x00000271d917d654 relative=0x0000000000004994
Event: 10.969 Thread 0x00000271c9d74910 Uncommon trap: reason=bimorphic_or_optimized_type_check action=maybe_recompile pc=0x00000271d917d654 method=renderer.RayTracerBasic.calcLocalEffects(Lgeometries/Intersectable$GeoPoint;Lprimitives/Ray;Lprimitives/Double3;)Lprimitives/Color; @ 23 c2
Event: 10.969 Thread 0x00000271c9d74910 DEOPT PACKING pc=0x00000271d917d654 sp=0x000000cad96fc220
Event: 10.969 Thread 0x00000271c9d74910 DEOPT UNPACKING pc=0x00000271d8b823a3 sp=0x000000cad96fc230 mode 2
Event: 10.969 Thread 0x00000271c9d74910 Uncommon trap: trap_request=0xffffffc6 fr.pc=0x00000271d91856d0 relative=0x0000000000001030
Event: 10.969 Thread 0x00000271c9d74910 Uncommon trap: reason=bimorphic_or_optimized_type_check action=maybe_recompile pc=0x00000271d91856d0 method=renderer.RayTracerBasic.calcGlobalEffects(Lgeometries/Intersectable$GeoPoint;Lprimitives/Ray;ILprimitives/Double3;)Lprimitives/Color; @ 14 c2
Event: 10.969 Thread 0x00000271c9d74910 DEOPT PACKING pc=0x00000271d91856d0 sp=0x000000cad96fc290
Event: 10.969 Thread 0x00000271c9d74910 DEOPT UNPACKING pc=0x00000271d8b823a3 sp=0x000000cad96fc278 mode 2
Event: 10.969 Thread 0x00000271c9d74910 Uncommon trap: trap_request=0xffffffde fr.pc=0x00000271d9173ae8 relative=0x00000000000060e8
Event: 10.969 Thread 0x00000271c9d74910 Uncommon trap: reason=class_check action=maybe_recompile pc=0x00000271d9173ae8 method=renderer.RayTracerBasic.calcGlobalEffect(Lprimitives/Ray;ILprimitives/Double3;Lprimitives/Double3;)Lprimitives/Color; @ 58 c2
Event: 10.969 Thread 0x00000271c9d74910 DEOPT PACKING pc=0x00000271d9173ae8 sp=0x000000cad96fc110
Event: 10.969 Thread 0x00000271c9d74910 DEOPT UNPACKING pc=0x00000271d8b823a3 sp=0x000000cad96fc1b8 mode 2

Classes unloaded (0 events):
No events

Classes redefined (0 events):
No events

Internal exceptions (20 events):
Event: 1.793 Thread 0x00000271c9d74910 Exception <a 'java/lang/NoSuchMethodError'{0x00000000c5403958}: 'void java.lang.invoke.DirectMethodHandle$Holder.invokeInterface(java.lang.Object, java.lang.Object, java.lang.Object, java.lang.Object, java.lang.Object)'> (0x00000000c5403958) 
thrown [s\open\src\hotspot\share\interpreter\linkResolver.cpp, line 759]
Event: 1.793 Thread 0x00000271c9d74910 Exception <a 'java/lang/IncompatibleClassChangeError'{0x00000000c54078d0}: Found class java.lang.Object, but interface was expected> (0x00000000c54078d0) 
thrown [s\open\src\hotspot\share\interpreter\linkResolver.cpp, line 826]
Event: 1.814 Thread 0x00000271c9d74910 Exception <a 'java/lang/IncompatibleClassChangeError'{0x00000000c5438a10}: Found class java.lang.Object, but interface was expected> (0x00000000c5438a10) 
thrown [s\open\src\hotspot\share\interpreter\linkResolver.cpp, line 826]
Event: 1.823 Thread 0x00000271c9d74910 Exception <a 'java/lang/NoSuchMethodError'{0x00000000c5452480}: 'java.lang.Object java.lang.invoke.DirectMethodHandle$Holder.invokeStatic(java.lang.Object, java.lang.Object, int)'> (0x00000000c5452480) 
thrown [s\open\src\hotspot\share\interpreter\linkResolver.cpp, line 759]
Event: 1.852 Thread 0x00000271c9d74910 Exception <a 'java/lang/NoSuchMethodError'{0x00000000c54a5be0}: 'void java.lang.invoke.DirectMethodHandle$Holder.invokeSpecial(java.lang.Object, java.lang.Object, java.lang.Object, java.lang.Object, java.lang.Object)'> (0x00000000c54a5be0) 
thrown [s\open\src\hotspot\share\interpreter\linkResolver.cpp, line 759]
Event: 3.000 Thread 0x00000271c9d74910 Exception <a 'java/lang/NoSuchMethodError'{0x00000000c5cb5c18}: 'void java.lang.invoke.DirectMethodHandle$Holder.invokeInterface(java.lang.Object, java.lang.Object, java.lang.Object, java.lang.Object)'> (0x00000000c5cb5c18) 
thrown [s\open\src\hotspot\share\interpreter\linkResolver.cpp, line 759]
Event: 3.001 Thread 0x00000271c9d74910 Exception <a 'java/lang/IncompatibleClassChangeError'{0x00000000c5cb9540}: Found class java.lang.Object, but interface was expected> (0x00000000c5cb9540) 
thrown [s\open\src\hotspot\share\interpreter\linkResolver.cpp, line 826]
Event: 3.008 Thread 0x00000271c9d74910 Exception <a 'java/lang/NoSuchMethodError'{0x00000000c5cdfea0}: 'void java.lang.invoke.DirectMethodHandle$Holder.invokeStatic(java.lang.Object, java.lang.Object, java.lang.Object, java.lang.Object)'> (0x00000000c5cdfea0) 
thrown [s\open\src\hotspot\share\interpreter\linkResolver.cpp, line 759]
Event: 3.038 Thread 0x00000271c9d74910 Exception <a 'java/lang/NoSuchMethodError'{0x00000000c5b32b70}: 'int java.lang.invoke.DirectMethodHandle$Holder.invokeStatic(java.lang.Object, java.lang.Object, java.lang.Object, java.lang.Object)'> (0x00000000c5b32b70) 
thrown [s\open\src\hotspot\share\interpreter\linkResolver.cpp, line 759]
Event: 3.038 Thread 0x00000271c9d74910 Exception <a 'java/lang/NoSuchMethodError'{0x00000000c5b364f0}: 'java.lang.Object java.lang.invoke.Invokers$Holder.invokeExact_MT(java.lang.Object, java.lang.Object, java.lang.Object, java.lang.Object, java.lang.Object, java.lang.Object)'> (0x00000000c5b364f0) 
thrown [s\open\src\hotspot\share\interpreter\linkResolver.cpp, line 759]
Event: 3.042 Thread 0x00000271c9d74910 Exception <a 'java/lang/NoSuchMethodError'{0x00000000c5b46310}: 'int java.lang.invoke.DirectMethodHandle$Holder.invokeStatic(java.lang.Object, java.lang.Object, java.lang.Object, java.lang.Object, java.lang.Object)'> (0x00000000c5b46310) 
thrown [s\open\src\hotspot\share\interpreter\linkResolver.cpp, line 759]
Event: 3.068 Thread 0x00000271c9d74910 Exception <a 'java/lang/NoSuchMethodError'{0x00000000c5b877a8}: 'void java.lang.invoke.DirectMethodHandle$Holder.invokeStaticInit(java.lang.Object)'> (0x00000000c5b877a8) 
thrown [s\open\src\hotspot\share\interpreter\linkResolver.cpp, line 759]
Event: 3.455 Thread 0x00000271c9d74910 Exception <a 'java/lang/NoSuchMethodError'{0x00000000c5ad5470}: 'int java.lang.invoke.DirectMethodHandle$Holder.invokeStaticInit(java.lang.Object, java.lang.Object)'> (0x00000000c5ad5470) 
thrown [s\open\src\hotspot\share\interpreter\linkResolver.cpp, line 759]
Event: 3.871 Thread 0x00000271c9d74910 Exception <a 'java/lang/NoSuchMethodError'{0x00000000c59c9b90}: 'java.lang.Object java.lang.invoke.DirectMethodHandle$Holder.newInvokeSpecial(java.lang.Object, java.lang.Object, java.lang.Object, java.lang.Object, java.lang.Object, java.lang.Object, java.lang.Object)'> (0x00000000c59c9b90) 
thrown [s\open\src\hotspot\share\interpreter\linkResolver.cpp, line 759]
Event: 3.872 Thread 0x00000271c9d74910 Exception <a 'java/lang/NoSuchMethodError'{0x00000000c59ce748}: 'java.lang.Object java.lang.invoke.Invokers$Holder.linkToTargetMethod(java.lang.Object, java.lang.Object, java.lang.Object, java.lang.Object, java.lang.Object, java.lang.Object, java.lang.Object)'> (0x00000000c59ce748) 
thrown [s\open\src\hotspot\share\interpreter\linkResolver.cpp, line 759]
Event: 3.881 Thread 0x00000271c9d74910 Exception <a 'java/lang/NoSuchMethodError'{0x00000000c59de108}: 'java.lang.Object java.lang.invoke.DirectMethodHandle$Holder.invokeInterface(java.lang.Object, java.lang.Object, java.lang.Object, java.lang.Object, java.lang.Object)'> (0x00000000c59de108) 
thrown [s\open\src\hotspot\share\interpreter\linkResolver.cpp, line 759]
Event: 3.882 Thread 0x00000271c9d74910 Exception <a 'java/lang/IncompatibleClassChangeError'{0x00000000c59e2230}: Found class java.lang.Object, but interface was expected> (0x00000000c59e2230) 
thrown [s\open\src\hotspot\share\interpreter\linkResolver.cpp, line 826]
Event: 4.710 Thread 0x00000271c9d74910 Exception <a 'java/lang/ClassNotFoundException'{0x00000000c5899cd8}: sun/awt/resources/spi/awtProvider> (0x00000000c5899cd8) 
thrown [s\open\src\hotspot\share\classfile\systemDictionary.cpp, line 256]
Event: 4.914 Thread 0x00000271c9d74910 Exception <a 'java/io/FileNotFoundException'{0x00000000c58d9728}> (0x00000000c58d9728) 
thrown [s\open\src\hotspot\share\prims\jni.cpp, line 516]
Event: 4.928 Thread 0x00000271c9d74910 Exception <a 'java/io/FileNotFoundException'{0x00000000c5707210}> (0x00000000c5707210) 
thrown [s\open\src\hotspot\share\prims\jni.cpp, line 516]

VM Operations (20 events):
Event: 9.123 Executing VM operation: G1CollectForAllocation done
Event: 10.130 Executing VM operation: Cleanup
Event: 10.131 Executing VM operation: Cleanup done
Event: 10.210 Executing VM operation: G1CollectForAllocation
Event: 10.211 Executing VM operation: G1CollectForAllocation done
Event: 10.376 Executing VM operation: G1CollectForAllocation
Event: 10.397 Executing VM operation: G1CollectForAllocation done
Event: 10.607 Executing VM operation: G1CollectForAllocation
Event: 10.608 Executing VM operation: G1CollectForAllocation done
Event: 10.741 Executing VM operation: G1CollectForAllocation
Event: 10.742 Executing VM operation: G1CollectForAllocation done
Event: 10.901 Executing VM operation: G1CollectForAllocation
Event: 10.910 Executing VM operation: G1CollectForAllocation done
Event: 11.160 Executing VM operation: G1CollectForAllocation
Event: 11.161 Executing VM operation: G1CollectForAllocation done
Event: 11.346 Executing VM operation: G1CollectForAllocation
Event: 11.376 Executing VM operation: G1CollectForAllocation done
Event: 11.587 Executing VM operation: G1CollectForAllocation
Event: 11.595 Executing VM operation: G1CollectForAllocation done
Event: 11.830 Executing VM operation: G1CollectForAllocation

Events (20 events):
Event: 4.963 loading class java/awt/image/SampleModel done
Event: 4.963 loading class java/awt/image/SinglePixelPackedSampleModel done
Event: 4.963 loading class sun/awt/image/IntegerInterleavedRaster
Event: 4.964 loading class sun/awt/image/IntegerComponentRaster
Event: 4.964 loading class sun/awt/image/IntegerComponentRaster done
Event: 4.964 loading class sun/awt/image/IntegerInterleavedRaster done
Event: 4.964 loading class sun/awt/image/NativeLibLoader
Event: 4.964 loading class sun/awt/image/NativeLibLoader done
Event: 4.964 loading class sun/awt/image/NativeLibLoader$1
Event: 4.964 loading class sun/awt/image/NativeLibLoader$1 done
Event: 4.965 loading class java/awt/Rectangle
Event: 4.966 loading class java/awt/Shape
Event: 4.966 loading class java/awt/Shape done
Event: 4.966 loading class java/awt/geom/Rectangle2D
Event: 4.966 loading class java/awt/geom/RectangularShape
Event: 4.966 loading class java/awt/geom/RectangularShape done
Event: 4.966 loading class java/awt/geom/Rectangle2D done
Event: 4.966 loading class java/awt/Rectangle done
Event: 4.969 loading class java/util/LinkedList$ListItr
Event: 4.969 loading class java/util/LinkedList$ListItr done


Dynamic libraries:
0x00007ff62d470000 - 0x00007ff62d480000 	C:\Program Files\Java\jdk-17\bin\javaw.exe
0x00007ff88d130000 - 0x00007ff88d328000 	C:\WINDOWS\SYSTEM32\ntdll.dll
0x00007ff856b00000 - 0x00007ff856b19000 	C:\Program Files\Avast Software\Avast\aswhook.dll
0x00007ff88c6b0000 - 0x00007ff88c76f000 	C:\WINDOWS\System32\KERNEL32.DLL
0x00007ff88ace0000 - 0x00007ff88afd6000 	C:\WINDOWS\System32\KERNELBASE.dll
0x00007ff88b090000 - 0x00007ff88b190000 	C:\WINDOWS\System32\ucrtbase.dll
0x00007ff882a50000 - 0x00007ff882a68000 	C:\Program Files\Java\jdk-17\bin\jli.dll
0x00007ff88c4d0000 - 0x00007ff88c57f000 	C:\WINDOWS\System32\ADVAPI32.dll
0x00007ff875060000 - 0x00007ff87507b000 	C:\Program Files\Java\jdk-17\bin\VCRUNTIME140.dll
0x00007ff88d050000 - 0x00007ff88d0ee000 	C:\WINDOWS\System32\msvcrt.dll
0x00007ff88c770000 - 0x00007ff88c80c000 	C:\WINDOWS\System32\sechost.dll
0x00007ff88c580000 - 0x00007ff88c6a6000 	C:\WINDOWS\System32\RPCRT4.dll
0x00007ff88c950000 - 0x00007ff88caed000 	C:\WINDOWS\System32\USER32.dll
0x00007ff88a810000 - 0x00007ff88a832000 	C:\WINDOWS\System32\win32u.dll
0x00007ff86fe70000 - 0x00007ff87010a000 	C:\WINDOWS\WinSxS\amd64_microsoft.windows.common-controls_6595b64144ccf1df_6.0.19041.1110_none_60b5254171f9507e\COMCTL32.dll
0x00007ff88d020000 - 0x00007ff88d04c000 	C:\WINDOWS\System32\GDI32.dll
0x00007ff88a8c0000 - 0x00007ff88a9d5000 	C:\WINDOWS\System32\gdi32full.dll
0x00007ff88aa50000 - 0x00007ff88aaed000 	C:\WINDOWS\System32\msvcp_win.dll
0x00007ff880e60000 - 0x00007ff880e6a000 	C:\WINDOWS\SYSTEM32\VERSION.dll
0x00007ff88b3a0000 - 0x00007ff88b3d0000 	C:\WINDOWS\System32\IMM32.DLL
0x00007ff885620000 - 0x00007ff88562c000 	C:\Program Files\Java\jdk-17\bin\vcruntime140_1.dll
0x00007ff872cc0000 - 0x00007ff872d4e000 	C:\Program Files\Java\jdk-17\bin\msvcp140.dll
0x00007ffff1830000 - 0x00007ffff2407000 	C:\Program Files\Java\jdk-17\bin\server\jvm.dll
0x00007ff88caf0000 - 0x00007ff88caf8000 	C:\WINDOWS\System32\PSAPI.DLL
0x00007ff871e90000 - 0x00007ff871eb7000 	C:\WINDOWS\SYSTEM32\WINMM.dll
0x00007ff878a50000 - 0x00007ff878a59000 	C:\WINDOWS\SYSTEM32\WSOCK32.dll
0x00007ff88ce80000 - 0x00007ff88ceeb000 	C:\WINDOWS\System32\ws2_32.DLL
0x00007ff889060000 - 0x00007ff889072000 	C:\WINDOWS\SYSTEM32\kernel.appcore.dll
0x00007ff86a950000 - 0x00007ff86a95a000 	C:\Program Files\Java\jdk-17\bin\jimage.dll
0x00007ff888cf0000 - 0x00007ff888ed4000 	C:\WINDOWS\SYSTEM32\DBGHELP.DLL
0x00007ff87b0d0000 - 0x00007ff87b104000 	C:\WINDOWS\SYSTEM32\dbgcore.DLL
0x00007ff88ac50000 - 0x00007ff88acd2000 	C:\WINDOWS\System32\bcryptPrimitives.dll
0x00007ff84d700000 - 0x00007ff84d725000 	C:\Program Files\Java\jdk-17\bin\java.dll
0x00007ff84ca50000 - 0x00007ff84cb27000 	C:\Program Files\Java\jdk-17\bin\jsvml.dll
0x00007ff88b3d0000 - 0x00007ff88bb14000 	C:\WINDOWS\System32\SHELL32.dll
0x00007ff888430000 - 0x00007ff888bc3000 	C:\WINDOWS\SYSTEM32\windows.storage.dll
0x00007ff88cb00000 - 0x00007ff88ce54000 	C:\WINDOWS\System32\combase.dll
0x00007ff88a190000 - 0x00007ff88a1be000 	C:\WINDOWS\SYSTEM32\Wldp.dll
0x00007ff88c340000 - 0x00007ff88c3ed000 	C:\WINDOWS\System32\SHCORE.dll
0x00007ff88c0c0000 - 0x00007ff88c115000 	C:\WINDOWS\System32\shlwapi.dll
0x00007ff88a750000 - 0x00007ff88a76f000 	C:\WINDOWS\SYSTEM32\profapi.dll
0x00007ff86a0e0000 - 0x00007ff86a0f9000 	C:\Program Files\Java\jdk-17\bin\net.dll
0x00007ff885840000 - 0x00007ff88594a000 	C:\WINDOWS\SYSTEM32\WINHTTP.dll
0x00007ff889ef0000 - 0x00007ff889f5a000 	C:\WINDOWS\system32\mswsock.dll
0x00007ff84d6e0000 - 0x00007ff84d6f6000 	C:\Program Files\Java\jdk-17\bin\nio.dll
0x00007ff84d490000 - 0x00007ff84d4a8000 	C:\Program Files\Java\jdk-17\bin\zip.dll
0x00007ff889be0000 - 0x00007ff889c1c000 	C:\WINDOWS\SYSTEM32\IPHLPAPI.DLL
0x00007ff88c330000 - 0x00007ff88c338000 	C:\WINDOWS\System32\NSI.dll
0x00007ff87aef0000 - 0x00007ff87af07000 	C:\WINDOWS\SYSTEM32\dhcpcsvc6.DLL
0x00007ff87b020000 - 0x00007ff87b03d000 	C:\WINDOWS\SYSTEM32\dhcpcsvc.DLL
0x00007ff889c20000 - 0x00007ff889ceb000 	C:\WINDOWS\SYSTEM32\DNSAPI.dll
0x00007ff864900000 - 0x00007ff864910000 	C:\Program Files\Java\jdk-17\bin\verify.dll
0x00007ff849c20000 - 0x00007ff849db1000 	C:\Program Files\Java\jdk-17\bin\awt.dll
0x00007ff88cef0000 - 0x00007ff88cfbd000 	C:\WINDOWS\System32\OLEAUT32.dll
0x00007ff887ad0000 - 0x00007ff887b61000 	C:\WINDOWS\SYSTEM32\apphelp.dll

dbghelp: loaded successfully - version: 4.0.5 - missing functions: none
symbol engine: initialized successfully - sym options: 0x614 - pdb path: .;C:\Program Files\Java\jdk-17\bin;C:\WINDOWS\SYSTEM32;C:\Program Files\Avast Software\Avast;C:\WINDOWS\WinSxS\amd64_microsoft.windows.common-controls_6595b64144ccf1df_6.0.19041.1110_none_60b5254171f9507e;C:\Program Files\Java\jdk-17\bin\server

VM Arguments:
jvm_args: -ea -Dfile.encoding=UTF-8 -XX:+ShowCodeDetailsInExceptionMessages 
java_command: org.eclipse.jdt.internal.junit.runner.RemoteTestRunner -version 3 -port 61890 -testLoaderClass org.eclipse.jdt.internal.junit5.runner.JUnit5TestLoader -loaderpluginname org.eclipse.jdt.junit5.runtime -classNames unittests.renderer.myFlower
java_class_path (initial): C:\Users\\eclipse-workspace\ISE5783_5569_3410\bin;C:\Users\\.p2\pool\plugins\junit-jupiter-api_5.9.2.jar;C:\Users\\.p2\pool\plugins\junit-jupiter-engine_5.9.2.jar;C:\Users\\.p2\pool\plugins\junit-jupiter-migrationsupport_5.9.2.jar;C:\Users\\.p2\pool\plugins\junit-jupiter-params_5.9.2.jar;C:\Users\\.p2\pool\plugins\junit-platform-commons_1.9.2.jar;C:\Users\\.p2\pool\plugins\junit-platform-engine_1.9.2.jar;C:\Users\\.p2\pool\plugins\junit-platform-launcher_1.9.2.jar;C:\Users\\.p2\pool\plugins\junit-platform-runner_1.9.2.jar;C:\Users\\.p2\pool\plugins\junit-platform-suite-api_1.9.2.jar;C:\Users\\.p2\pool\plugins\junit-platform-suite-engine_1.9.2.jar;C:\Users\\.p2\pool\plugins\junit-platform-suite-commons_1.9.2.jar;C:\Users\\.p2\pool\plugins\junit-vintage-engine_5.9.2.jar;C:\Users\\.p2\pool\plugins\org.opentest4j_1.2.0.jar;C:\Users\\.p2\pool\plugins\org.apiguardian.api_1.1.2.jar;C:\Users\\.p2\pool\plugins\org.junit_4.13.2.v20211018-1956.jar;C:\Users\\.p2\pool\plugins\org.hamcrest.core_1.3.0.v20180420-1519.jar;C:\Users\\eclipse\java-2023-03\eclipse\configuration\org.eclipse.osgi\228\0\.cp;C:\Users\\eclipse\java-2023-03\eclipse\configuration\org.eclipse.osgi\226\0\.cp
Launcher Type: SUN_STANDARD

[Global flags]
     intx CICompilerCount                          = 3                                         {product} {ergonomic}
     uint ConcGCThreads                            = 1                                         {product} {ergonomic}
     uint G1ConcRefinementThreads                  = 4                                         {product} {ergonomic}
   size_t G1HeapRegionSize                         = 1048576                                   {product} {ergonomic}
    uintx GCDrainStackTargetSize                   = 64                                        {product} {ergonomic}
   size_t InitialHeapSize                          = 67108864                                  {product} {ergonomic}
   size_t MarkStackSize                            = 4194304                                   {product} {ergonomic}
   size_t MaxHeapSize                              = 1042284544                                {product} {ergonomic}
   size_t MaxNewSize                               = 624951296                                 {product} {ergonomic}
   size_t MinHeapDeltaBytes                        = 1048576                                   {product} {ergonomic}
   size_t MinHeapSize                              = 8388608                                   {product} {ergonomic}
    uintx NonNMethodCodeHeapSize                   = 5832780                                {pd product} {ergonomic}
    uintx NonProfiledCodeHeapSize                  = 122912730                              {pd product} {ergonomic}
    uintx ProfiledCodeHeapSize                     = 122912730                              {pd product} {ergonomic}
    uintx ReservedCodeCacheSize                    = 251658240                              {pd product} {ergonomic}
     bool SegmentedCodeCache                       = true                                      {product} {ergonomic}
     bool ShowCodeDetailsInExceptionMessages       = true                                   {manageable} {command line}
   size_t SoftMaxHeapSize                          = 1042284544                             {manageable} {ergonomic}
     bool UseCompressedClassPointers               = true                           {product lp64_product} {ergonomic}
     bool UseCompressedOops                        = true                           {product lp64_product} {ergonomic}
     bool UseG1GC                                  = true                                      {product} {ergonomic}
     bool UseLargePagesIndividualAllocation        = false                                  {pd product} {ergonomic}

Logging:
Log output configuration:
 #0: stdout all=warning uptime,level,tags
 #1: stderr all=off uptime,level,tags

Environment Variables:
JAVA_HOME=C:\Program Files\Java\jdk-17
PATH=C:/Program Files/Java/jdk-17/bin/server;C:/Program Files/Java/jdk-17/bin;C:\Program Files\Common Files\Oracle\Java\javapath;C:\Program Files (x86)\Common Files\Oracle\Java\javapath;C:\WINDOWS\system32;C:\WINDOWS;C:\WINDOWS\System32\Wbem;C:\WINDOWS\System32\WindowsPowerShell\v1.0\;C:\WINDOWS\System32\OpenSSH\;C:\Program Files\dotnet\;C:\Program Files\Git\cmd;C:\Program Files\Java\jdk-17;C:\Users\\AppData\Local\Microsoft\WindowsApps;C:\Program Files\JetBrains\CLion 2020.3.2\bin;;C:\Users\\eclipse\java-2023-03\eclipse;
USERNAME=
OS=Windows_NT
PROCESSOR_IDENTIFIER=Intel64 Family 6 Model 142 Stepping 9, GenuineIntel



---------------  S Y S T E M  ---------------

OS:
 Windows 10 , 64 bit Build 19041 (10.0.19041.2913)
OS uptime: 2 days 12:16 hours

CPU: total 4 (initial active 4) (2 cores per cpu, 2 threads per core) family 6 model 142 stepping 9 microcode 0xb4, cx8, cmov, fxsr, ht, mmx, 3dnowpref, sse, sse2, sse3, ssse3, sse4.1, sse4.2, popcnt, lzcnt, tsc, tscinvbit, avx, avx2, aes, erms, clmul, bmi1, bmi2, adx, fma, vzeroupper, clflush, clflushopt

Memory: 4k page, system-wide physical 3970M (139M free)
TotalPageFile size 16121M (AvailPageFile size 54M)
current process WorkingSet (physical memory assigned to process): 242M, peak: 295M
current process commit charge ("private bytes"): 464M, peak: 535M

vm_info: Java HotSpot(TM) 64-Bit Server VM (17.0.6+9-LTS-190) for windows-amd64 JRE (17.0.6+9-LTS-190), built on Dec  6 2022 15:53:54 by "mach5one" with MS VC++ 17.1 (VS2022)

END.
